[2025-03-18 12:50:40,644] [run.py[line:153]] [INFO] [TransDhTask init]
[2025-03-18 12:50:41,729] [run.py[line:158]] [INFO] [任务:1002 -> audio_url:./temp/example/audio.wav  video_url:./temp/example/video.mp4]
[2025-03-18 12:50:41,732] [run.py[line:158]] [INFO] [[1002] -> ffmpeg video: ffmpeg -loglevel warning -i ./temp/example/video.mp4 -c:v libx264 -crf 15 -an -y ./temp/1002_format.mp4]
[2025-03-18 12:50:41,790] [run.py[line:158]] [ERROR] [[1002]预处理失败，异常信息:[format video error]]
[2025-03-18 12:50:41,790] [run.py[line:158]] [ERROR] [[1002]任务执行失败，异常信息:[[1002]预处理失败，异常信息:[format video error]]]
[2025-03-18 12:50:41,791] [run.py[line:158]] [INFO] [>>> 任务:1002 耗时:0.06167912483215332 ]
[2025-03-18 12:50:57,817] [run.py[line:143]] [INFO] [TransDhTask init]
[2025-03-18 12:50:58,906] [run.py[line:147]] [INFO] [任务:1002 -> audio_url:./temp/example/audio.wav  video_url:./temp/example/video.mp4]
[2025-03-18 12:50:58,908] [run.py[line:147]] [INFO] [[1002] -> ffmpeg video: ffmpeg -loglevel warning -i ./temp/example/video.mp4 -c:v libx264 -crf 15 -an -y ./temp/1002_format.mp4]
[2025-03-18 12:50:58,964] [run.py[line:147]] [ERROR] [[1002]预处理失败，异常信息:[format video error]]
[2025-03-18 12:50:58,965] [run.py[line:147]] [ERROR] [[1002]任务执行失败，异常信息:[[1002]预处理失败，异常信息:[format video error]]]
[2025-03-18 12:50:58,966] [run.py[line:147]] [INFO] [>>> 任务:1002 耗时:0.059505462646484375 ]
[2025-03-18 12:52:06,385] [run.py[line:143]] [INFO] [TransDhTask init]
[2025-03-18 12:52:07,560] [run.py[line:147]] [INFO] [任务:1002 -> audio_url:./example/audio.wav  video_url:./example/video.mp4]
[2025-03-18 12:52:07,646] [run.py[line:147]] [INFO] [[1002] -> ffmpeg video: ffmpeg -loglevel warning -i ./example/video.mp4 -crf 15 -vcodec copy -an -y ./1002_format.mp4]
[2025-03-18 12:52:07,801] [run.py[line:147]] [INFO] [[1002] -> ffmpeg audio: ffmpeg -loglevel warning -i ./example/audio.wav -ac 1 -ar 16000 -acodec pcm_s16le -y  ./1002_format.wav]
[2025-03-18 12:52:07,922] [run.py[line:147]] [INFO] [[1002] -> 预处理耗时:0.35927414894104004s]
[2025-03-18 12:52:10,169] [run.py[line:147]] [INFO] [[1002] -> get_aud_feat1 cost:2.245649576187134s]
[2025-03-18 12:52:11,702] [process.py[line:108]] [INFO] [>>> init_wh_process进程启动]
[2025-03-18 12:52:20,087] [process.py[line:108]] [INFO] [[1002]init_wh result :[0.8809176216714891]， cost: 8.382684469223022 s]
[2025-03-18 12:52:20,090] [run.py[line:147]] [INFO] [[1002] -> wh: [0.8809176216714891]]
[2025-03-18 12:52:21,453] [process.py[line:108]] [INFO] [>>> 数字人图片处理进程启动]
[2025-03-18 12:52:24,015] [process.py[line:108]] [INFO] [[1002]任务视频驱动队列启动 batch_size:4, len:150]
[2025-03-18 12:52:24,050] [process.py[line:108]] [INFO] [drivered_video >>>>>>>>>>>>>>>>>>>> 开始循环]
[2025-03-18 12:52:24,085] [process.py[line:108]] [INFO] [drivered_video >>>>>>>>>>>>>>>>>>>> 发送数据大小:[4], current_idx:4]
[2025-03-18 12:52:24,112] [process.py[line:108]] [INFO] [drivered_video >>>>>>>>>>>>>>>>>>>> 发送数据大小:[4], current_idx:8]
[2025-03-18 12:52:24,122] [process.py[line:108]] [INFO] [>>> audio_transfer get message:4]
[2025-03-18 12:52:24,139] [process.py[line:108]] [INFO] [drivered_video >>>>>>>>>>>>>>>>>>>> 发送数据大小:[4], current_idx:12]
[2025-03-18 12:52:24,148] [process.py[line:108]] [INFO] [drivered_video >>>>>>>>>>>>>>>>>>>> 发送数据大小:[4], current_idx:16]
[2025-03-18 12:52:24,161] [process.py[line:108]] [INFO] [drivered_video >>>>>>>>>>>>>>>>>>>> 发送数据大小:[4], current_idx:20]
[2025-03-18 12:52:24,173] [process.py[line:108]] [INFO] [drivered_video >>>>>>>>>>>>>>>>>>>> 发送数据大小:[4], current_idx:24]
[2025-03-18 12:52:24,185] [process.py[line:108]] [INFO] [drivered_video >>>>>>>>>>>>>>>>>>>> 发送数据大小:[4], current_idx:28]
[2025-03-18 12:52:24,197] [process.py[line:108]] [INFO] [drivered_video >>>>>>>>>>>>>>>>>>>> 发送数据大小:[4], current_idx:32]
[2025-03-18 12:52:24,208] [process.py[line:108]] [INFO] [drivered_video >>>>>>>>>>>>>>>>>>>> 发送数据大小:[4], current_idx:36]
[2025-03-18 12:52:24,222] [process.py[line:108]] [INFO] [drivered_video >>>>>>>>>>>>>>>>>>>> 发送数据大小:[4], current_idx:40]
[2025-03-18 12:52:24,232] [process.py[line:108]] [INFO] [drivered_video >>>>>>>>>>>>>>>>>>>> 发送数据大小:[4], current_idx:44]
[2025-03-18 12:52:25,722] [process.py[line:108]] [INFO] [[1002] -> frame_id:[4] 模糊置信度:[0.969]]
[2025-03-18 12:52:25,723] [process.py[line:108]] [INFO] [[1002] -> need chaofen .]
[2025-03-18 12:52:25,905] [utils.py[line:145]] [INFO] [Note: detected 72 virtual cores but NumExpr set to maximum of 64, check "NUMEXPR_MAX_THREADS" environment variable.]
[2025-03-18 12:52:25,906] [utils.py[line:148]] [INFO] [Note: NumExpr detected 72 cores but "NUMEXPR_MAX_THREADS" not set, so enforcing safe limit of 8.]
[2025-03-18 12:52:25,907] [utils.py[line:160]] [INFO] [NumExpr defaulting to 8 threads.]
[2025-03-18 12:52:26,083] [process.py[line:108]] [INFO] [[4] -> chaofen  cost:1.9595112800598145s]
[2025-03-18 12:52:31,071] [process.py[line:108]] [INFO] [audio_transfer >>>>>>>>>>> 发送完成数据大小:4, frameId:4, cost:6.948575258255005s]
[2025-03-18 12:52:31,116] [process.py[line:108]] [INFO] [>>> audio_transfer get message:8]
[2025-03-18 12:52:31,126] [process.py[line:108]] [INFO] [drivered_video >>>>>>>>>>>>>>>>>>>> 发送数据大小:[4], current_idx:48]
[2025-03-18 12:52:31,347] [process.py[line:108]] [INFO] [[8] -> chaofen  cost:0.2294461727142334s]
[2025-03-18 12:52:31,576] [process.py[line:108]] [INFO] [audio_transfer >>>>>>>>>>> 发送完成数据大小:4, frameId:8, cost:0.45979762077331543s]
[2025-03-18 12:52:31,605] [process.py[line:108]] [INFO] [>>> audio_transfer get message:12]
[2025-03-18 12:52:31,615] [process.py[line:108]] [INFO] [drivered_video >>>>>>>>>>>>>>>>>>>> 发送数据大小:[4], current_idx:52]
[2025-03-18 12:52:31,818] [process.py[line:108]] [INFO] [[12] -> chaofen  cost:0.21271824836730957s]
[2025-03-18 12:52:32,036] [process.py[line:108]] [INFO] [audio_transfer >>>>>>>>>>> 发送完成数据大小:4, frameId:12, cost:0.43187427520751953s]
[2025-03-18 12:52:32,060] [process.py[line:108]] [INFO] [>>> audio_transfer get message:16]
[2025-03-18 12:52:32,072] [process.py[line:108]] [INFO] [drivered_video >>>>>>>>>>>>>>>>>>>> 发送数据大小:[4], current_idx:56]
[2025-03-18 12:52:32,279] [process.py[line:108]] [INFO] [[16] -> chaofen  cost:0.21899199485778809s]
[2025-03-18 12:52:32,530] [process.py[line:108]] [INFO] [audio_transfer >>>>>>>>>>> 发送完成数据大小:4, frameId:16, cost:0.47049522399902344s]
[2025-03-18 12:52:32,552] [process.py[line:108]] [INFO] [>>> audio_transfer get message:20]
[2025-03-18 12:52:32,567] [process.py[line:108]] [INFO] [drivered_video >>>>>>>>>>>>>>>>>>>> 发送数据大小:[4], current_idx:60]
[2025-03-18 12:52:32,766] [process.py[line:108]] [INFO] [[20] -> chaofen  cost:0.21334147453308105s]
[2025-03-18 12:52:32,993] [process.py[line:108]] [INFO] [audio_transfer >>>>>>>>>>> 发送完成数据大小:4, frameId:20, cost:0.4411466121673584s]
[2025-03-18 12:52:33,015] [process.py[line:108]] [INFO] [>>> audio_transfer get message:24]
[2025-03-18 12:52:33,028] [process.py[line:108]] [INFO] [drivered_video >>>>>>>>>>>>>>>>>>>> 发送数据大小:[4], current_idx:64]
[2025-03-18 12:52:33,229] [process.py[line:108]] [INFO] [[24] -> chaofen  cost:0.21344351768493652s]
[2025-03-18 12:52:33,457] [process.py[line:108]] [INFO] [audio_transfer >>>>>>>>>>> 发送完成数据大小:4, frameId:24, cost:0.44205546379089355s]
[2025-03-18 12:52:33,479] [process.py[line:108]] [INFO] [>>> audio_transfer get message:28]
[2025-03-18 12:52:33,493] [process.py[line:108]] [INFO] [drivered_video >>>>>>>>>>>>>>>>>>>> 发送数据大小:[4], current_idx:68]
[2025-03-18 12:52:33,697] [process.py[line:108]] [INFO] [[28] -> chaofen  cost:0.21679949760437012s]
[2025-03-18 12:52:33,924] [process.py[line:108]] [INFO] [audio_transfer >>>>>>>>>>> 发送完成数据大小:4, frameId:28, cost:0.4448537826538086s]
[2025-03-18 12:52:33,946] [process.py[line:108]] [INFO] [>>> audio_transfer get message:32]
[2025-03-18 12:52:33,960] [process.py[line:108]] [INFO] [drivered_video >>>>>>>>>>>>>>>>>>>> 发送数据大小:[4], current_idx:72]
[2025-03-18 12:52:34,159] [process.py[line:108]] [INFO] [[32] -> chaofen  cost:0.21156740188598633s]
[2025-03-18 12:52:34,381] [process.py[line:108]] [INFO] [audio_transfer >>>>>>>>>>> 发送完成数据大小:4, frameId:32, cost:0.43474769592285156s]
[2025-03-18 12:52:34,403] [process.py[line:108]] [INFO] [>>> audio_transfer get message:36]
[2025-03-18 12:52:34,417] [process.py[line:108]] [INFO] [drivered_video >>>>>>>>>>>>>>>>>>>> 发送数据大小:[4], current_idx:76]
[2025-03-18 12:52:34,618] [process.py[line:108]] [INFO] [[36] -> chaofen  cost:0.21408891677856445s]
[2025-03-18 12:52:34,844] [process.py[line:108]] [INFO] [audio_transfer >>>>>>>>>>> 发送完成数据大小:4, frameId:36, cost:0.4406392574310303s]
[2025-03-18 12:52:34,867] [process.py[line:108]] [INFO] [>>> audio_transfer get message:40]
[2025-03-18 12:52:34,881] [process.py[line:108]] [INFO] [drivered_video >>>>>>>>>>>>>>>>>>>> 发送数据大小:[4], current_idx:80]
[2025-03-18 12:52:35,099] [process.py[line:108]] [INFO] [[40] -> chaofen  cost:0.23105645179748535s]
[2025-03-18 12:52:35,328] [process.py[line:108]] [INFO] [audio_transfer >>>>>>>>>>> 发送完成数据大小:4, frameId:40, cost:0.46161866188049316s]
[2025-03-18 12:52:35,350] [process.py[line:108]] [INFO] [>>> audio_transfer get message:44]
[2025-03-18 12:52:35,363] [process.py[line:108]] [INFO] [drivered_video >>>>>>>>>>>>>>>>>>>> 发送数据大小:[4], current_idx:84]
[2025-03-18 12:52:35,577] [process.py[line:108]] [INFO] [[44] -> chaofen  cost:0.22576594352722168s]
[2025-03-18 12:52:35,808] [process.py[line:108]] [INFO] [audio_transfer >>>>>>>>>>> 发送完成数据大小:4, frameId:44, cost:0.4577639102935791s]
[2025-03-18 12:52:35,832] [process.py[line:108]] [INFO] [>>> audio_transfer get message:48]
[2025-03-18 12:52:35,846] [process.py[line:108]] [INFO] [drivered_video >>>>>>>>>>>>>>>>>>>> 发送数据大小:[4], current_idx:88]
[2025-03-18 12:52:36,047] [process.py[line:108]] [INFO] [[48] -> chaofen  cost:0.21441864967346191s]
[2025-03-18 12:52:36,278] [process.py[line:108]] [INFO] [audio_transfer >>>>>>>>>>> 发送完成数据大小:4, frameId:48, cost:0.4459846019744873s]
[2025-03-18 12:52:36,301] [process.py[line:108]] [INFO] [>>> audio_transfer get message:52]
[2025-03-18 12:52:36,315] [process.py[line:108]] [INFO] [drivered_video >>>>>>>>>>>>>>>>>>>> 发送数据大小:[4], current_idx:92]
[2025-03-18 12:52:36,521] [process.py[line:108]] [INFO] [[52] -> chaofen  cost:0.2181704044342041s]
[2025-03-18 12:52:36,777] [process.py[line:108]] [INFO] [audio_transfer >>>>>>>>>>> 发送完成数据大小:4, frameId:52, cost:0.47586750984191895s]
[2025-03-18 12:52:36,798] [process.py[line:108]] [INFO] [>>> audio_transfer get message:56]
[2025-03-18 12:52:36,817] [process.py[line:108]] [INFO] [drivered_video >>>>>>>>>>>>>>>>>>>> 发送数据大小:[4], current_idx:96]
[2025-03-18 12:52:37,014] [process.py[line:108]] [INFO] [[56] -> chaofen  cost:0.2147221565246582s]
[2025-03-18 12:52:37,247] [process.py[line:108]] [INFO] [audio_transfer >>>>>>>>>>> 发送完成数据大小:4, frameId:56, cost:0.4486660957336426s]
[2025-03-18 12:52:37,266] [process.py[line:108]] [INFO] [>>> audio_transfer get message:60]
[2025-03-18 12:52:37,281] [process.py[line:108]] [INFO] [drivered_video >>>>>>>>>>>>>>>>>>>> 发送数据大小:[4], current_idx:100]
[2025-03-18 12:52:37,483] [process.py[line:108]] [INFO] [[60] -> chaofen  cost:0.21598410606384277s]
[2025-03-18 12:52:37,703] [process.py[line:108]] [INFO] [audio_transfer >>>>>>>>>>> 发送完成数据大小:4, frameId:60, cost:0.43683695793151855s]
[2025-03-18 12:52:37,722] [process.py[line:108]] [INFO] [>>> audio_transfer get message:64]
[2025-03-18 12:52:37,736] [process.py[line:108]] [INFO] [drivered_video >>>>>>>>>>>>>>>>>>>> 发送数据大小:[4], current_idx:104]
[2025-03-18 12:52:37,941] [process.py[line:108]] [INFO] [[64] -> chaofen  cost:0.2180624008178711s]
[2025-03-18 12:52:38,163] [process.py[line:108]] [INFO] [audio_transfer >>>>>>>>>>> 发送完成数据大小:4, frameId:64, cost:0.4412345886230469s]
[2025-03-18 12:52:38,183] [process.py[line:108]] [INFO] [>>> audio_transfer get message:68]
[2025-03-18 12:52:38,197] [process.py[line:108]] [INFO] [drivered_video >>>>>>>>>>>>>>>>>>>> 发送数据大小:[4], current_idx:108]
[2025-03-18 12:52:38,397] [process.py[line:108]] [INFO] [[68] -> chaofen  cost:0.21321654319763184s]
[2025-03-18 12:52:38,637] [process.py[line:108]] [INFO] [audio_transfer >>>>>>>>>>> 发送完成数据大小:4, frameId:68, cost:0.45404863357543945s]
[2025-03-18 12:52:38,656] [process.py[line:108]] [INFO] [>>> audio_transfer get message:72]
[2025-03-18 12:52:38,670] [process.py[line:108]] [INFO] [drivered_video >>>>>>>>>>>>>>>>>>>> 发送数据大小:[4], current_idx:112]
[2025-03-18 12:52:38,877] [process.py[line:108]] [INFO] [[72] -> chaofen  cost:0.21999263763427734s]
[2025-03-18 12:52:39,100] [process.py[line:108]] [INFO] [audio_transfer >>>>>>>>>>> 发送完成数据大小:4, frameId:72, cost:0.4440436363220215s]
[2025-03-18 12:52:39,119] [process.py[line:108]] [INFO] [>>> audio_transfer get message:76]
[2025-03-18 12:52:39,133] [process.py[line:108]] [INFO] [drivered_video >>>>>>>>>>>>>>>>>>>> 发送数据大小:[4], current_idx:116]
[2025-03-18 12:52:39,347] [process.py[line:108]] [INFO] [[76] -> chaofen  cost:0.22693967819213867s]
[2025-03-18 12:52:39,568] [process.py[line:108]] [INFO] [audio_transfer >>>>>>>>>>> 发送完成数据大小:4, frameId:76, cost:0.4492220878601074s]
[2025-03-18 12:52:39,586] [process.py[line:108]] [INFO] [>>> audio_transfer get message:80]
[2025-03-18 12:52:39,601] [process.py[line:108]] [INFO] [drivered_video >>>>>>>>>>>>>>>>>>>> 发送数据大小:[4], current_idx:120]
[2025-03-18 12:52:39,801] [process.py[line:108]] [INFO] [[80] -> chaofen  cost:0.21407222747802734s]
[2025-03-18 12:52:40,024] [process.py[line:108]] [INFO] [audio_transfer >>>>>>>>>>> 发送完成数据大小:4, frameId:80, cost:0.4377562999725342s]
[2025-03-18 12:52:40,052] [process.py[line:108]] [INFO] [>>> audio_transfer get message:84]
[2025-03-18 12:52:40,068] [process.py[line:108]] [INFO] [drivered_video >>>>>>>>>>>>>>>>>>>> 发送数据大小:[4], current_idx:124]
[2025-03-18 12:52:40,270] [process.py[line:108]] [INFO] [[84] -> chaofen  cost:0.21637320518493652s]
[2025-03-18 12:52:40,494] [process.py[line:108]] [INFO] [audio_transfer >>>>>>>>>>> 发送完成数据大小:4, frameId:84, cost:0.44118523597717285s]
[2025-03-18 12:52:40,513] [process.py[line:108]] [INFO] [>>> audio_transfer get message:88]
[2025-03-18 12:52:40,527] [process.py[line:108]] [INFO] [drivered_video >>>>>>>>>>>>>>>>>>>> 发送数据大小:[4], current_idx:128]
[2025-03-18 12:52:40,731] [process.py[line:108]] [INFO] [[88] -> chaofen  cost:0.2170412540435791s]
[2025-03-18 12:52:40,951] [process.py[line:108]] [INFO] [audio_transfer >>>>>>>>>>> 发送完成数据大小:4, frameId:88, cost:0.4383111000061035s]
[2025-03-18 12:52:40,971] [process.py[line:108]] [INFO] [>>> audio_transfer get message:92]
[2025-03-18 12:52:40,984] [process.py[line:108]] [INFO] [drivered_video >>>>>>>>>>>>>>>>>>>> 发送数据大小:[4], current_idx:132]
[2025-03-18 12:52:41,187] [process.py[line:108]] [INFO] [[92] -> chaofen  cost:0.2148122787475586s]
[2025-03-18 12:52:41,416] [process.py[line:108]] [INFO] [audio_transfer >>>>>>>>>>> 发送完成数据大小:4, frameId:92, cost:0.4454326629638672s]
[2025-03-18 12:52:41,439] [process.py[line:108]] [INFO] [>>> audio_transfer get message:96]
[2025-03-18 12:52:41,451] [process.py[line:108]] [INFO] [drivered_video >>>>>>>>>>>>>>>>>>>> 发送数据大小:[4], current_idx:136]
[2025-03-18 12:52:41,663] [process.py[line:108]] [INFO] [[96] -> chaofen  cost:0.222761869430542s]
[2025-03-18 12:52:41,887] [process.py[line:108]] [INFO] [audio_transfer >>>>>>>>>>> 发送完成数据大小:4, frameId:96, cost:0.4477369785308838s]
[2025-03-18 12:52:41,906] [process.py[line:108]] [INFO] [>>> audio_transfer get message:100]
[2025-03-18 12:52:41,920] [process.py[line:108]] [INFO] [drivered_video >>>>>>>>>>>>>>>>>>>> 发送数据大小:[4], current_idx:140]
[2025-03-18 12:52:42,123] [process.py[line:108]] [INFO] [[100] -> chaofen  cost:0.21576929092407227s]
[2025-03-18 12:52:42,359] [process.py[line:108]] [INFO] [audio_transfer >>>>>>>>>>> 发送完成数据大小:4, frameId:100, cost:0.4525878429412842s]
[2025-03-18 12:52:42,379] [process.py[line:108]] [INFO] [>>> audio_transfer get message:104]
[2025-03-18 12:52:42,394] [process.py[line:108]] [INFO] [drivered_video >>>>>>>>>>>>>>>>>>>> 发送数据大小:[4], current_idx:144]
[2025-03-18 12:52:42,596] [process.py[line:108]] [INFO] [[104] -> chaofen  cost:0.21553897857666016s]
[2025-03-18 12:52:42,836] [process.py[line:108]] [INFO] [audio_transfer >>>>>>>>>>> 发送完成数据大小:4, frameId:104, cost:0.45633435249328613s]
[2025-03-18 12:52:42,855] [process.py[line:108]] [INFO] [>>> audio_transfer get message:108]
[2025-03-18 12:52:42,870] [process.py[line:108]] [INFO] [drivered_video >>>>>>>>>>>>>>>>>>>> 发送数据大小:[4], current_idx:148]
[2025-03-18 12:52:42,873] [process.py[line:108]] [INFO] [append imgs over]
[2025-03-18 12:52:42,879] [process.py[line:108]] [INFO] [drivered_video >>>>>>>>>>>>>>>>>>>> 发送数据结束]
[2025-03-18 12:52:43,073] [process.py[line:108]] [INFO] [[108] -> chaofen  cost:0.21662592887878418s]
[2025-03-18 12:52:43,297] [process.py[line:108]] [INFO] [audio_transfer >>>>>>>>>>> 发送完成数据大小:4, frameId:108, cost:0.4421381950378418s]
[2025-03-18 12:52:43,318] [process.py[line:108]] [INFO] [>>> audio_transfer get message:112]
[2025-03-18 12:52:43,332] [process.py[line:108]] [INFO] [[1002]任务预处理进程结束]
[2025-03-18 12:52:43,531] [process.py[line:108]] [INFO] [[112] -> chaofen  cost:0.21228814125061035s]
[2025-03-18 12:52:43,791] [process.py[line:108]] [INFO] [audio_transfer >>>>>>>>>>> 发送完成数据大小:4, frameId:112, cost:0.47336626052856445s]
[2025-03-18 12:52:43,811] [process.py[line:108]] [INFO] [>>> audio_transfer get message:116]
[2025-03-18 12:52:44,034] [process.py[line:108]] [INFO] [[116] -> chaofen  cost:0.2223985195159912s]
[2025-03-18 12:52:44,262] [process.py[line:108]] [INFO] [audio_transfer >>>>>>>>>>> 发送完成数据大小:4, frameId:116, cost:0.4509873390197754s]
[2025-03-18 12:52:44,281] [process.py[line:108]] [INFO] [>>> audio_transfer get message:120]
[2025-03-18 12:52:44,499] [process.py[line:108]] [INFO] [[120] -> chaofen  cost:0.21637916564941406s]
[2025-03-18 12:52:44,742] [process.py[line:108]] [INFO] [audio_transfer >>>>>>>>>>> 发送完成数据大小:4, frameId:120, cost:0.46120476722717285s]
[2025-03-18 12:52:44,762] [process.py[line:108]] [INFO] [>>> audio_transfer get message:124]
[2025-03-18 12:52:44,981] [process.py[line:108]] [INFO] [[124] -> chaofen  cost:0.21886157989501953s]
[2025-03-18 12:52:45,240] [process.py[line:108]] [INFO] [audio_transfer >>>>>>>>>>> 发送完成数据大小:4, frameId:124, cost:0.4781684875488281s]
[2025-03-18 12:52:45,258] [process.py[line:108]] [INFO] [>>> audio_transfer get message:128]
[2025-03-18 12:52:45,474] [process.py[line:108]] [INFO] [[128] -> chaofen  cost:0.21480226516723633s]
[2025-03-18 12:52:45,708] [process.py[line:108]] [INFO] [audio_transfer >>>>>>>>>>> 发送完成数据大小:4, frameId:128, cost:0.44920992851257324s]
[2025-03-18 12:52:45,726] [process.py[line:108]] [INFO] [>>> audio_transfer get message:132]
[2025-03-18 12:52:45,943] [process.py[line:108]] [INFO] [[132] -> chaofen  cost:0.21567535400390625s]
[2025-03-18 12:52:46,181] [process.py[line:108]] [INFO] [audio_transfer >>>>>>>>>>> 发送完成数据大小:4, frameId:132, cost:0.45519399642944336s]
[2025-03-18 12:52:46,200] [process.py[line:108]] [INFO] [>>> audio_transfer get message:136]
[2025-03-18 12:52:46,418] [process.py[line:108]] [INFO] [[136] -> chaofen  cost:0.21763992309570312s]
[2025-03-18 12:52:46,662] [process.py[line:108]] [INFO] [audio_transfer >>>>>>>>>>> 发送完成数据大小:4, frameId:136, cost:0.4619452953338623s]
[2025-03-18 12:52:46,681] [process.py[line:108]] [INFO] [>>> audio_transfer get message:140]
[2025-03-18 12:52:46,900] [process.py[line:108]] [INFO] [[140] -> chaofen  cost:0.21794748306274414s]
[2025-03-18 12:52:47,146] [process.py[line:108]] [INFO] [audio_transfer >>>>>>>>>>> 发送完成数据大小:4, frameId:140, cost:0.4646177291870117s]
[2025-03-18 12:52:47,166] [process.py[line:108]] [INFO] [>>> audio_transfer get message:144]
[2025-03-18 12:52:47,382] [process.py[line:108]] [INFO] [[144] -> chaofen  cost:0.21491503715515137s]
[2025-03-18 12:52:47,619] [process.py[line:108]] [INFO] [audio_transfer >>>>>>>>>>> 发送完成数据大小:4, frameId:144, cost:0.4536001682281494s]
[2025-03-18 12:52:47,639] [process.py[line:108]] [INFO] [>>> audio_transfer get message:148]
[2025-03-18 12:52:47,857] [process.py[line:108]] [INFO] [[148] -> chaofen  cost:0.21780657768249512s]
[2025-03-18 12:52:48,098] [process.py[line:108]] [INFO] [audio_transfer >>>>>>>>>>> 发送完成数据大小:4, frameId:148, cost:0.459348201751709s]
[2025-03-18 12:52:48,104] [process.py[line:108]] [INFO] [>>> audio_transfer get exception msg:-1]
[2025-03-18 12:52:48,105] [process.py[line:108]] [INFO] [[1002]任务数字人图片处理已完成]
[2025-03-18 12:52:48,146] [run.py[line:43]] [INFO] [Custom VideoWriter [1002]视频帧队列处理已结束]
[2025-03-18 12:52:48,151] [run.py[line:46]] [INFO] [Custom VideoWriter Silence Video saved in /mnt/nfs/bj4-v100-23/data1/yubosun/git_proj/heygem/heygem_ori_so/1002-t.mp4]
[2025-03-18 12:52:48,155] [run.py[line:118]] [INFO] [Custom command:ffmpeg -loglevel warning -y -i ./example/audio.wav -i ./1002-t.mp4 -c:a aac -c:v libx264 -crf 15 -strict -2 ./1002-r.mp4]
[2025-03-18 12:53:06,908] [run.py[line:147]] [INFO] [>>> 任务:1002 耗时:59.3451771736145 ]
[2025-04-26 15:00:46,427] [run.py[line:180]] [INFO] [TransDhTask init]
[2025-04-26 15:05:07,569] [run.py[line:180]] [INFO] [TransDhTask init]
[2025-04-26 15:05:14,354] [process.py[line:108]] [INFO] [>>> init_wh_process进程启动]
[2025-04-26 15:05:18,788] [process.py[line:108]] [INFO] [>>> 数字人图片处理进程启动]
[2025-04-26 15:05:22,374] [run.py[line:184]] [INFO] [任务:1004 -> audio_url:./example/audio.wav  video_url:./example/video.mp4]
[2025-04-26 15:05:22,415] [run.py[line:184]] [INFO] [[1004] -> ffmpeg video: ffmpeg -loglevel warning -i ./example/video.mp4 -crf 15 -vcodec copy -an -y ./1004_format.mp4]
[2025-04-26 15:05:22,662] [run.py[line:184]] [INFO] [[1004] -> ffmpeg audio: ffmpeg -loglevel warning -i ./example/audio.wav -ac 1 -ar 16000 -acodec pcm_s16le -y  ./1004_format.wav]
[2025-04-26 15:05:22,718] [run.py[line:184]] [INFO] [[1004] -> 预处理耗时:0.34319019317626953s]
[2025-04-26 15:05:23,013] [run.py[line:184]] [INFO] [[1004] -> get_aud_feat1 cost:0.29508233070373535s]
[2025-04-26 15:05:33,029] [run.py[line:184]] [ERROR] [[1004]任务执行失败，异常信息:[]]
[2025-04-26 15:05:33,031] [run.py[line:184]] [INFO] [>>> 任务:1004 耗时:10.656797885894775 ]
[2025-04-26 15:10:16,627] [app.py[line:153]] [INFO] [TransDhTask init]
[2025-04-26 15:10:21,501] [app.py[line:160]] [INFO] [开始初始化 trans_dh_service...]
[2025-04-26 15:10:24,416] [process.py[line:108]] [INFO] [>>> init_wh_process进程启动]
[2025-04-26 15:10:26,506] [app.py[line:163]] [INFO] [trans_dh_service 初始化完成。]
[2025-04-26 15:10:26,770] [_client.py[line:1025]] [INFO] [HTTP Request: GET http://localhost:7860/startup-events "HTTP/1.1 200 OK"]
[2025-04-26 15:10:26,783] [_client.py[line:1025]] [INFO] [HTTP Request: HEAD http://localhost:7860/ "HTTP/1.1 200 OK"]
[2025-04-26 15:10:27,353] [_client.py[line:1025]] [INFO] [HTTP Request: GET https://checkip.amazonaws.com/ "HTTP/1.1 200 "]
[2025-04-26 15:10:27,507] [_client.py[line:1025]] [INFO] [HTTP Request: GET https://api.gradio.app/pkg-version "HTTP/1.1 200 OK"]
[2025-04-26 15:10:27,637] [_client.py[line:1025]] [INFO] [HTTP Request: GET https://checkip.amazonaws.com/ "HTTP/1.1 200 "]
[2025-04-26 15:10:31,028] [process.py[line:108]] [INFO] [>>> 数字人图片处理进程启动]
[2025-04-26 15:15:56,782] [run.py[line:180]] [INFO] [TransDhTask init]
[2025-04-26 15:16:02,386] [process.py[line:108]] [INFO] [>>> init_wh_process进程启动]
[2025-04-26 15:16:07,031] [process.py[line:108]] [INFO] [>>> 数字人图片处理进程启动]
[2025-04-26 15:16:10,401] [run.py[line:184]] [INFO] [任务:1004 -> audio_url:./example/audio.wav  video_url:./example/video.mp4]
[2025-04-26 15:16:10,439] [run.py[line:184]] [INFO] [[1004] -> ffmpeg video: ffmpeg -loglevel warning -i ./example/video.mp4 -crf 15 -vcodec copy -an -y ./1004_format.mp4]
[2025-04-26 15:16:10,696] [run.py[line:184]] [INFO] [[1004] -> ffmpeg audio: ffmpeg -loglevel warning -i ./example/audio.wav -ac 1 -ar 16000 -acodec pcm_s16le -y  ./1004_format.wav]
[2025-04-26 15:16:10,775] [run.py[line:184]] [INFO] [[1004] -> 预处理耗时:0.3738541603088379s]
[2025-04-26 15:16:11,053] [run.py[line:184]] [INFO] [[1004] -> get_aud_feat1 cost:0.27754759788513184s]
[2025-04-26 15:16:21,078] [run.py[line:184]] [ERROR] [[1004]任务执行失败，异常信息:[]]
[2025-04-26 15:16:21,080] [run.py[line:184]] [INFO] [>>> 任务:1004 耗时:10.678847789764404 ]
[2025-04-26 19:23:48,082] [app.py[line:153]] [INFO] [TransDhTask init]
[2025-04-26 19:23:52,852] [app.py[line:160]] [INFO] [开始初始化 trans_dh_service...]
[2025-04-26 19:23:55,693] [process.py[line:108]] [INFO] [>>> init_wh_process进程启动]
[2025-04-26 19:23:57,854] [app.py[line:163]] [INFO] [trans_dh_service 初始化完成。]
[2025-04-26 19:23:58,120] [_client.py[line:1025]] [INFO] [HTTP Request: GET http://localhost:7860/startup-events "HTTP/1.1 200 OK"]
[2025-04-26 19:23:58,133] [_client.py[line:1025]] [INFO] [HTTP Request: HEAD http://localhost:7860/ "HTTP/1.1 200 OK"]
[2025-04-26 19:23:58,428] [_client.py[line:1025]] [INFO] [HTTP Request: GET https://checkip.amazonaws.com/ "HTTP/1.1 200 "]
[2025-04-26 19:23:58,553] [_client.py[line:1025]] [INFO] [HTTP Request: GET https://checkip.amazonaws.com/ "HTTP/1.1 200 "]
[2025-04-26 19:23:58,633] [_client.py[line:1025]] [INFO] [HTTP Request: GET https://api.gradio.app/pkg-version "HTTP/1.1 200 OK"]
[2025-04-26 19:24:01,023] [process.py[line:108]] [INFO] [>>> 数字人图片处理进程启动]
[2025-04-26 19:28:50,680] [app.py[line:153]] [INFO] [TransDhTask init]
[2025-04-26 19:28:56,238] [app.py[line:160]] [INFO] [开始初始化 trans_dh_service...]
[2025-04-26 19:29:00,182] [process.py[line:108]] [INFO] [>>> init_wh_process进程启动]
[2025-04-26 19:29:01,241] [app.py[line:163]] [INFO] [trans_dh_service 初始化完成。]
[2025-04-26 19:29:01,607] [_client.py[line:1025]] [INFO] [HTTP Request: GET http://localhost:7860/startup-events "HTTP/1.1 200 OK"]
[2025-04-26 19:29:01,620] [_client.py[line:1025]] [INFO] [HTTP Request: HEAD http://localhost:7860/ "HTTP/1.1 200 OK"]
[2025-04-26 19:29:01,771] [_client.py[line:1025]] [INFO] [HTTP Request: GET https://checkip.amazonaws.com/ "HTTP/1.1 200 "]
[2025-04-26 19:29:01,995] [_client.py[line:1025]] [INFO] [HTTP Request: GET https://checkip.amazonaws.com/ "HTTP/1.1 200 "]
[2025-04-26 19:29:02,012] [_client.py[line:1025]] [INFO] [HTTP Request: GET https://api.gradio.app/pkg-version "HTTP/1.1 200 OK"]
[2025-05-24 15:21:08,801] [run.py[line:180]] [INFO] [TransDhTask init]
[2025-05-24 15:21:31,273] [app.py[line:153]] [INFO] [TransDhTask init]
[2025-05-24 15:38:22,875] [app.py[line:158]] [INFO] [TransDhTask init]
[2025-05-24 15:41:07,213] [_client.py[line:1025]] [INFO] [HTTP Request: GET https://api.gradio.app/gradio-messaging/en "HTTP/1.1 200 OK"]
[2025-05-24 15:41:07,231] [app.py[line:179]] [INFO] [TransDhTask init]
[2025-05-24 15:41:07,661] [app.py[line:186]] [INFO] [开始初始化 trans_dh_service...]
[2025-05-24 15:41:10,933] [process.py[line:108]] [INFO] [>>> init_wh_process进程启动]
[2025-05-24 15:41:12,667] [app.py[line:189]] [INFO] [trans_dh_service 初始化完成。]
[2025-05-24 15:41:12,851] [_client.py[line:1025]] [INFO] [HTTP Request: GET http://localhost:7860/startup-events "HTTP/1.1 200 OK"]
[2025-05-24 15:41:12,865] [_client.py[line:1025]] [INFO] [HTTP Request: HEAD http://localhost:7860/ "HTTP/1.1 200 OK"]
[2025-05-24 15:41:13,195] [_client.py[line:1025]] [INFO] [HTTP Request: GET https://checkip.amazonaws.com/ "HTTP/1.1 200 "]
[2025-05-24 15:41:13,284] [_client.py[line:1025]] [INFO] [HTTP Request: GET https://checkip.amazonaws.com/ "HTTP/1.1 200 "]
[2025-05-24 15:41:13,477] [_client.py[line:1025]] [INFO] [HTTP Request: GET https://api.gradio.app/pkg-version "HTTP/1.1 200 OK"]
[2025-05-24 15:42:14,280] [app.py[line:179]] [INFO] [TransDhTask init]
[2025-05-24 15:42:14,817] [app.py[line:186]] [INFO] [开始初始化 trans_dh_service...]
[2025-05-24 15:42:17,597] [process.py[line:108]] [INFO] [>>> init_wh_process进程启动]
[2025-05-24 15:42:19,823] [app.py[line:189]] [INFO] [trans_dh_service 初始化完成。]
[2025-05-24 15:42:20,095] [_client.py[line:1025]] [INFO] [HTTP Request: GET http://localhost:7861/startup-events "HTTP/1.1 200 OK"]
[2025-05-24 15:42:20,106] [_client.py[line:1025]] [INFO] [HTTP Request: HEAD http://localhost:7861/ "HTTP/1.1 200 OK"]
[2025-05-24 15:42:20,373] [_client.py[line:1025]] [INFO] [HTTP Request: GET https://checkip.amazonaws.com/ "HTTP/1.1 200 "]
[2025-05-24 15:42:20,485] [_client.py[line:1025]] [INFO] [HTTP Request: GET https://checkip.amazonaws.com/ "HTTP/1.1 200 "]
[2025-05-24 15:42:20,599] [_client.py[line:1025]] [INFO] [HTTP Request: GET https://api.gradio.app/pkg-version "HTTP/1.1 200 OK"]
[2025-05-24 15:44:32,542] [app.py[line:179]] [INFO] [TransDhTask init]
[2025-05-24 15:44:32,871] [app.py[line:186]] [INFO] [开始初始化 trans_dh_service...]
[2025-05-24 15:44:36,016] [process.py[line:108]] [INFO] [>>> init_wh_process进程启动]
[2025-05-24 15:44:37,877] [app.py[line:189]] [INFO] [trans_dh_service 初始化完成。]
[2025-05-24 15:44:38,042] [_client.py[line:1025]] [INFO] [HTTP Request: GET http://localhost:7860/startup-events "HTTP/1.1 200 OK"]
[2025-05-24 15:44:38,057] [_client.py[line:1025]] [INFO] [HTTP Request: HEAD http://localhost:7860/ "HTTP/1.1 200 OK"]
[2025-05-24 15:44:38,666] [_client.py[line:1025]] [INFO] [HTTP Request: GET https://api.gradio.app/pkg-version "HTTP/1.1 200 OK"]
[2025-05-24 15:44:38,667] [_client.py[line:1025]] [INFO] [HTTP Request: GET https://checkip.amazonaws.com/ "HTTP/1.1 200 "]
[2025-05-24 15:44:38,669] [_client.py[line:1025]] [INFO] [HTTP Request: GET https://checkip.amazonaws.com/ "HTTP/1.1 200 "]
[2025-05-24 15:51:36,390] [run.py[line:180]] [INFO] [TransDhTask init]
[2025-05-24 15:52:41,432] [run.py[line:180]] [INFO] [TransDhTask init]
[2025-05-24 15:53:35,333] [run.py[line:207]] [INFO] [TransDhTask init]
[2025-05-24 15:53:37,690] [process.py[line:108]] [INFO] [>>> init_wh_process进程启动]
[2025-05-24 15:53:45,870] [run.py[line:211]] [INFO] [任务:1004 -> audio_url:./example/audio.wav  video_url:./example/video.mp4]
[2025-05-24 15:53:45,920] [run.py[line:211]] [INFO] [[1004] -> ffmpeg video: ffmpeg -loglevel warning -i ./example/video.mp4 -crf 15 -vcodec copy -an -y ./1004_format.mp4]
[2025-05-24 15:53:46,140] [run.py[line:211]] [INFO] [[1004] -> ffmpeg audio: ffmpeg -loglevel warning -i ./example/audio.wav -ac 1 -ar 16000 -acodec pcm_s16le -y  ./1004_format.wav]
[2025-05-24 15:53:46,190] [run.py[line:211]] [INFO] [[1004] -> 预处理耗时:0.3196380138397217s]
[2025-05-24 15:53:46,244] [run.py[line:211]] [ERROR] [[1004]音频特征提取失败，异常信息:[No CUDA GPUs are available]]
[2025-05-24 15:53:46,245] [run.py[line:211]] [ERROR] [[1004]任务执行失败，异常信息:[[1004]音频特征提取失败，异常信息:[No CUDA GPUs are available]]]
[2025-05-24 15:53:46,245] [run.py[line:211]] [INFO] [>>> 任务:1004 耗时:0.37481093406677246 ]
[2025-05-24 15:54:10,317] [run.py[line:231]] [INFO] [TransDhTask init]
[2025-05-24 15:54:12,589] [process.py[line:108]] [INFO] [>>> init_wh_process进程启动]
[2025-05-24 15:54:20,859] [run.py[line:235]] [INFO] [任务:1004 -> audio_url:./example/audio.wav  video_url:./example/video.mp4]
[2025-05-24 15:54:20,881] [run.py[line:235]] [INFO] [[1004] -> ffmpeg video: ffmpeg -loglevel warning -i ./example/video.mp4 -crf 15 -vcodec copy -an -y ./1004_format.mp4]
[2025-05-24 15:54:20,951] [run.py[line:235]] [INFO] [[1004] -> ffmpeg audio: ffmpeg -loglevel warning -i ./example/audio.wav -ac 1 -ar 16000 -acodec pcm_s16le -y  ./1004_format.wav]
[2025-05-24 15:54:20,999] [run.py[line:235]] [INFO] [[1004] -> 预处理耗时:0.13968777656555176s]
[2025-05-24 15:54:21,310] [run.py[line:235]] [INFO] [[1004] -> get_aud_feat1 cost:0.3112175464630127s]
[2025-05-24 15:54:31,324] [run.py[line:235]] [ERROR] [[1004]任务执行失败，异常信息:[]]
[2025-05-24 15:54:31,324] [run.py[line:235]] [INFO] [>>> 任务:1004 耗时:10.465176343917847 ]
[2025-05-24 15:55:28,372] [run.py[line:241]] [INFO] [TransDhTask init]
[2025-05-24 15:56:42,851] [run.py[line:245]] [INFO] [TransDhTask init]
[2025-05-24 15:56:45,183] [process.py[line:108]] [INFO] [>>> init_wh_process进程启动]
[2025-05-24 15:56:53,391] [run.py[line:249]] [INFO] [任务:1004 -> audio_url:./example/audio.wav  video_url:./example/video.mp4]
[2025-05-24 15:56:53,425] [run.py[line:249]] [INFO] [[1004] -> ffmpeg video: ffmpeg -loglevel warning -i ./example/video.mp4 -crf 15 -vcodec copy -an -y ./1004_format.mp4]
[2025-05-24 15:56:53,532] [run.py[line:249]] [INFO] [[1004] -> ffmpeg audio: ffmpeg -loglevel warning -i ./example/audio.wav -ac 1 -ar 16000 -acodec pcm_s16le -y  ./1004_format.wav]
[2025-05-24 15:56:53,583] [run.py[line:249]] [INFO] [[1004] -> 预处理耗时:0.19101572036743164s]
[2025-05-24 15:56:53,822] [run.py[line:249]] [INFO] [[1004] -> get_aud_feat1 cost:0.23871302604675293s]
[2025-05-24 15:57:03,838] [run.py[line:249]] [ERROR] [[1004]任务执行失败，异常信息:[]]
[2025-05-24 15:57:03,838] [run.py[line:249]] [INFO] [>>> 任务:1004 耗时:10.446906089782715 ]
[2025-05-24 15:57:43,676] [run.py[line:245]] [INFO] [TransDhTask init]
[2025-05-24 15:57:46,052] [process.py[line:108]] [INFO] [>>> init_wh_process进程启动]
[2025-05-24 15:57:54,211] [run.py[line:249]] [INFO] [任务:1004 -> audio_url:./example/audio.wav  video_url:./example/video.mp4]
[2025-05-24 15:57:54,239] [run.py[line:249]] [INFO] [[1004] -> ffmpeg video: ffmpeg -loglevel warning -i ./example/video.mp4 -crf 15 -vcodec copy -an -y ./1004_format.mp4]
[2025-05-24 15:57:54,311] [run.py[line:249]] [INFO] [[1004] -> ffmpeg audio: ffmpeg -loglevel warning -i ./example/audio.wav -ac 1 -ar 16000 -acodec pcm_s16le -y  ./1004_format.wav]
[2025-05-24 15:57:54,354] [run.py[line:249]] [INFO] [[1004] -> 预处理耗时:0.14314889907836914s]
[2025-05-24 15:57:54,599] [run.py[line:249]] [INFO] [[1004] -> get_aud_feat1 cost:0.24375462532043457s]
[2025-05-24 15:58:04,608] [run.py[line:249]] [ERROR] [[1004]任务执行失败，异常信息:[]]
[2025-05-24 15:58:04,608] [run.py[line:249]] [INFO] [>>> 任务:1004 耗时:10.39720344543457 ]
[2025-05-24 16:00:18,487] [run.py[line:245]] [INFO] [TransDhTask init]
[2025-05-24 16:00:20,503] [process.py[line:108]] [INFO] [>>> init_wh_process进程启动]
[2025-05-24 16:00:38,947] [run.py[line:252]] [INFO] [任务:1004 -> audio_url:./example/audio.wav  video_url:./example/video.mp4]
[2025-05-24 16:00:38,993] [run.py[line:252]] [INFO] [[1004] -> ffmpeg video: ffmpeg -loglevel warning -i ./example/video.mp4 -crf 15 -vcodec copy -an -y ./1004_format.mp4]
[2025-05-24 16:00:39,204] [run.py[line:252]] [INFO] [[1004] -> ffmpeg audio: ffmpeg -loglevel warning -i ./example/audio.wav -ac 1 -ar 16000 -acodec pcm_s16le -y  ./1004_format.wav]
[2025-05-24 16:00:39,255] [run.py[line:252]] [INFO] [[1004] -> 预处理耗时:0.307025671005249s]
[2025-05-24 16:00:39,553] [run.py[line:252]] [INFO] [[1004] -> get_aud_feat1 cost:0.29716062545776367s]
[2025-05-24 16:00:49,576] [run.py[line:252]] [ERROR] [[1004]任务执行失败，异常信息:[]]
[2025-05-24 16:00:49,576] [run.py[line:252]] [INFO] [>>> 任务:1004 耗时:10.62833857536316 ]
[2025-05-24 16:16:53,216] [app.py[line:179]] [INFO] [TransDhTask init]
[2025-05-24 16:16:53,910] [app.py[line:186]] [INFO] [开始初始化 trans_dh_service...]
[2025-05-24 16:16:57,136] [process.py[line:108]] [INFO] [>>> init_wh_process进程启动]
[2025-05-24 16:16:58,916] [app.py[line:189]] [INFO] [trans_dh_service 初始化完成。]
[2025-05-24 16:16:59,187] [_client.py[line:1025]] [INFO] [HTTP Request: GET http://localhost:7860/startup-events "HTTP/1.1 200 OK"]
[2025-05-24 16:16:59,199] [_client.py[line:1025]] [INFO] [HTTP Request: HEAD http://localhost:7860/ "HTTP/1.1 200 OK"]
[2025-05-24 16:16:59,414] [_client.py[line:1025]] [INFO] [HTTP Request: GET https://checkip.amazonaws.com/ "HTTP/1.1 200 "]
[2025-05-24 16:16:59,553] [_client.py[line:1025]] [INFO] [HTTP Request: GET https://checkip.amazonaws.com/ "HTTP/1.1 200 "]
[2025-05-24 16:16:59,653] [_client.py[line:1025]] [INFO] [HTTP Request: GET https://api.gradio.app/pkg-version "HTTP/1.1 200 OK"]
[2025-05-24 16:21:04,613] [app.py[line:179]] [INFO] [TransDhTask init]
[2025-05-24 16:21:05,123] [app.py[line:186]] [INFO] [开始初始化 trans_dh_service...]
[2025-05-24 16:21:07,759] [process.py[line:108]] [INFO] [>>> init_wh_process进程启动]
[2025-05-24 16:21:10,129] [app.py[line:189]] [INFO] [trans_dh_service 初始化完成。]
[2025-05-24 16:21:10,392] [_client.py[line:1025]] [INFO] [HTTP Request: GET http://localhost:7861/startup-events "HTTP/1.1 200 OK"]
[2025-05-24 16:21:10,404] [_client.py[line:1025]] [INFO] [HTTP Request: HEAD http://localhost:7861/ "HTTP/1.1 200 OK"]
[2025-05-24 16:21:10,577] [_client.py[line:1025]] [INFO] [HTTP Request: GET https://checkip.amazonaws.com/ "HTTP/1.1 200 "]
[2025-05-24 16:21:10,759] [_client.py[line:1025]] [INFO] [HTTP Request: GET https://checkip.amazonaws.com/ "HTTP/1.1 200 "]
[2025-05-24 16:21:10,861] [_client.py[line:1025]] [INFO] [HTTP Request: GET https://api.gradio.app/pkg-version "HTTP/1.1 200 OK"]
[2025-05-24 16:26:35,293] [run.py[line:245]] [INFO] [TransDhTask init]
[2025-05-24 16:26:37,652] [process.py[line:108]] [INFO] [>>> init_wh_process进程启动]
[2025-05-24 16:26:55,808] [run.py[line:252]] [INFO] [任务:1004 -> audio_url:/home/hk/HeyGem-Linux-Python-Hack/1004_format.wav  video_url:/home/hk/HeyGem-Linux-Python-Hack/1004_format.mp4]
[2025-05-24 16:26:55,852] [run.py[line:252]] [INFO] [[1004] -> ffmpeg video: ffmpeg -loglevel warning -i /home/hk/HeyGem-Linux-Python-Hack/1004_format.mp4 -crf 15 -vcodec copy -an -y ./1004_format.mp4]
[2025-05-24 16:26:55,993] [run.py[line:252]] [INFO] [[1004] -> ffmpeg audio: ffmpeg -loglevel warning -i /home/hk/HeyGem-Linux-Python-Hack/1004_format.wav -ac 1 -ar 16000 -acodec pcm_s16le -y  ./1004_format.wav]
[2025-05-24 16:26:56,043] [run.py[line:252]] [INFO] [[1004] -> 预处理耗时:0.2352290153503418s]
[2025-05-24 16:26:56,314] [run.py[line:252]] [INFO] [[1004] -> get_aud_feat1 cost:0.2699553966522217s]
[2025-05-24 16:26:56,335] [process.py[line:108]] [INFO] [[1004]init_wh result :[0.8305084745762712]， cost: 0.29119253158569336 s]
[2025-05-24 16:26:56,336] [run.py[line:252]] [INFO] [[1004] -> wh: [0.8305084745762712]]
[2025-05-24 16:26:58,062] [process.py[line:108]] [INFO] [[1004]任务视频驱动队列启动 batch_size:4, len:150]
[2025-05-24 16:26:58,083] [process.py[line:108]] [INFO] [drivered_video >>>>>>>>>>>>>>>>>>>> 开始循环]
[2025-05-24 16:26:58,122] [process.py[line:108]] [INFO] [drivered_video >>>>>>>>>>>>>>>>>>>> 开始循环]
[2025-05-24 16:26:58,159] [process.py[line:108]] [INFO] [drivered_video >>>>>>>>>>>>>>>>>>>> 开始循环]
[2025-05-24 16:26:58,196] [process.py[line:108]] [INFO] [drivered_video >>>>>>>>>>>>>>>>>>>> 开始循环]
[2025-05-24 16:26:58,233] [process.py[line:108]] [INFO] [drivered_video >>>>>>>>>>>>>>>>>>>> 开始循环]
[2025-05-24 16:26:58,271] [process.py[line:108]] [INFO] [drivered_video >>>>>>>>>>>>>>>>>>>> 开始循环]
[2025-05-24 16:26:58,308] [process.py[line:108]] [INFO] [drivered_video >>>>>>>>>>>>>>>>>>>> 开始循环]
[2025-05-24 16:26:58,345] [process.py[line:108]] [INFO] [drivered_video >>>>>>>>>>>>>>>>>>>> 开始循环]
[2025-05-24 16:26:58,382] [process.py[line:108]] [INFO] [drivered_video >>>>>>>>>>>>>>>>>>>> 开始循环]
[2025-05-24 16:26:58,417] [process.py[line:108]] [INFO] [drivered_video >>>>>>>>>>>>>>>>>>>> 开始循环]
[2025-05-24 16:26:58,453] [process.py[line:108]] [INFO] [drivered_video >>>>>>>>>>>>>>>>>>>> 开始循环]
[2025-05-24 16:26:58,492] [process.py[line:108]] [INFO] [drivered_video >>>>>>>>>>>>>>>>>>>> 开始循环]
[2025-05-24 16:26:58,535] [process.py[line:108]] [INFO] [drivered_video >>>>>>>>>>>>>>>>>>>> 开始循环]
[2025-05-24 16:26:58,575] [process.py[line:108]] [INFO] [drivered_video >>>>>>>>>>>>>>>>>>>> 开始循环]
[2025-05-24 16:26:58,610] [process.py[line:108]] [INFO] [drivered_video >>>>>>>>>>>>>>>>>>>> 开始循环]
[2025-05-24 16:26:58,645] [process.py[line:108]] [INFO] [drivered_video >>>>>>>>>>>>>>>>>>>> 开始循环]
[2025-05-24 16:26:58,680] [process.py[line:108]] [INFO] [drivered_video >>>>>>>>>>>>>>>>>>>> 开始循环]
[2025-05-24 16:26:58,715] [process.py[line:108]] [INFO] [drivered_video >>>>>>>>>>>>>>>>>>>> 开始循环]
[2025-05-24 16:26:58,751] [process.py[line:108]] [INFO] [drivered_video >>>>>>>>>>>>>>>>>>>> 开始循环]
[2025-05-24 16:26:58,785] [process.py[line:108]] [INFO] [drivered_video >>>>>>>>>>>>>>>>>>>> 开始循环]
[2025-05-24 16:26:58,820] [process.py[line:108]] [INFO] [drivered_video >>>>>>>>>>>>>>>>>>>> 开始循环]
[2025-05-24 16:26:58,855] [process.py[line:108]] [INFO] [drivered_video >>>>>>>>>>>>>>>>>>>> 开始循环]
[2025-05-24 16:26:58,890] [process.py[line:108]] [INFO] [drivered_video >>>>>>>>>>>>>>>>>>>> 开始循环]
[2025-05-24 16:26:58,926] [process.py[line:108]] [INFO] [drivered_video >>>>>>>>>>>>>>>>>>>> 开始循环]
[2025-05-24 16:26:58,963] [process.py[line:108]] [INFO] [drivered_video >>>>>>>>>>>>>>>>>>>> 开始循环]
[2025-05-24 16:26:58,997] [process.py[line:108]] [INFO] [drivered_video >>>>>>>>>>>>>>>>>>>> 开始循环]
[2025-05-24 16:26:59,033] [process.py[line:108]] [INFO] [drivered_video >>>>>>>>>>>>>>>>>>>> 开始循环]
[2025-05-24 16:26:59,069] [process.py[line:108]] [INFO] [drivered_video >>>>>>>>>>>>>>>>>>>> 开始循环]
[2025-05-24 16:26:59,104] [process.py[line:108]] [INFO] [drivered_video >>>>>>>>>>>>>>>>>>>> 开始循环]
[2025-05-24 16:26:59,139] [process.py[line:108]] [INFO] [drivered_video >>>>>>>>>>>>>>>>>>>> 开始循环]
[2025-05-24 16:26:59,175] [process.py[line:108]] [INFO] [drivered_video >>>>>>>>>>>>>>>>>>>> 开始循环]
[2025-05-24 16:26:59,211] [process.py[line:108]] [INFO] [drivered_video >>>>>>>>>>>>>>>>>>>> 开始循环]
[2025-05-24 16:26:59,246] [process.py[line:108]] [INFO] [drivered_video >>>>>>>>>>>>>>>>>>>> 开始循环]
[2025-05-24 16:26:59,282] [process.py[line:108]] [INFO] [drivered_video >>>>>>>>>>>>>>>>>>>> 开始循环]
[2025-05-24 16:26:59,317] [process.py[line:108]] [INFO] [drivered_video >>>>>>>>>>>>>>>>>>>> 开始循环]
[2025-05-24 16:26:59,353] [process.py[line:108]] [INFO] [drivered_video >>>>>>>>>>>>>>>>>>>> 开始循环]
[2025-05-24 16:26:59,387] [process.py[line:108]] [INFO] [drivered_video >>>>>>>>>>>>>>>>>>>> 开始循环]
[2025-05-24 16:26:59,423] [process.py[line:108]] [INFO] [drivered_video >>>>>>>>>>>>>>>>>>>> 开始循环]
[2025-05-24 16:26:59,460] [process.py[line:108]] [INFO] [drivered_video >>>>>>>>>>>>>>>>>>>> 开始循环]
[2025-05-24 16:26:59,496] [process.py[line:108]] [INFO] [drivered_video >>>>>>>>>>>>>>>>>>>> 开始循环]
[2025-05-24 16:26:59,532] [process.py[line:108]] [INFO] [drivered_video >>>>>>>>>>>>>>>>>>>> 开始循环]
[2025-05-24 16:26:59,568] [process.py[line:108]] [INFO] [drivered_video >>>>>>>>>>>>>>>>>>>> 开始循环]
[2025-05-24 16:26:59,604] [process.py[line:108]] [INFO] [drivered_video >>>>>>>>>>>>>>>>>>>> 开始循环]
[2025-05-24 16:26:59,640] [process.py[line:108]] [INFO] [drivered_video >>>>>>>>>>>>>>>>>>>> 开始循环]
[2025-05-24 16:26:59,676] [process.py[line:108]] [INFO] [drivered_video >>>>>>>>>>>>>>>>>>>> 开始循环]
[2025-05-24 16:26:59,712] [process.py[line:108]] [INFO] [drivered_video >>>>>>>>>>>>>>>>>>>> 开始循环]
[2025-05-24 16:26:59,748] [process.py[line:108]] [INFO] [drivered_video >>>>>>>>>>>>>>>>>>>> 开始循环]
[2025-05-24 16:26:59,784] [process.py[line:108]] [INFO] [drivered_video >>>>>>>>>>>>>>>>>>>> 开始循环]
[2025-05-24 16:26:59,819] [process.py[line:108]] [INFO] [drivered_video >>>>>>>>>>>>>>>>>>>> 开始循环]
[2025-05-24 16:26:59,855] [process.py[line:108]] [INFO] [drivered_video >>>>>>>>>>>>>>>>>>>> 开始循环]
[2025-05-24 16:26:59,889] [process.py[line:108]] [INFO] [drivered_video >>>>>>>>>>>>>>>>>>>> 开始循环]
[2025-05-24 16:26:59,924] [process.py[line:108]] [INFO] [drivered_video >>>>>>>>>>>>>>>>>>>> 开始循环]
[2025-05-24 16:26:59,960] [process.py[line:108]] [INFO] [drivered_video >>>>>>>>>>>>>>>>>>>> 开始循环]
[2025-05-24 16:26:59,996] [process.py[line:108]] [INFO] [drivered_video >>>>>>>>>>>>>>>>>>>> 开始循环]
[2025-05-24 16:27:00,032] [process.py[line:108]] [INFO] [drivered_video >>>>>>>>>>>>>>>>>>>> 开始循环]
[2025-05-24 16:27:00,067] [process.py[line:108]] [INFO] [drivered_video >>>>>>>>>>>>>>>>>>>> 开始循环]
[2025-05-24 16:27:00,106] [process.py[line:108]] [INFO] [drivered_video >>>>>>>>>>>>>>>>>>>> 开始循环]
[2025-05-24 16:27:00,146] [process.py[line:108]] [INFO] [drivered_video >>>>>>>>>>>>>>>>>>>> 开始循环]
[2025-05-24 16:27:00,185] [process.py[line:108]] [INFO] [drivered_video >>>>>>>>>>>>>>>>>>>> 开始循环]
[2025-05-24 16:27:00,225] [process.py[line:108]] [INFO] [drivered_video >>>>>>>>>>>>>>>>>>>> 开始循环]
[2025-05-24 16:27:00,265] [process.py[line:108]] [INFO] [drivered_video >>>>>>>>>>>>>>>>>>>> 开始循环]
[2025-05-24 16:27:00,305] [process.py[line:108]] [INFO] [drivered_video >>>>>>>>>>>>>>>>>>>> 开始循环]
[2025-05-24 16:27:00,346] [process.py[line:108]] [INFO] [drivered_video >>>>>>>>>>>>>>>>>>>> 开始循环]
[2025-05-24 16:27:00,384] [process.py[line:108]] [INFO] [drivered_video >>>>>>>>>>>>>>>>>>>> 开始循环]
[2025-05-24 16:27:00,425] [process.py[line:108]] [INFO] [drivered_video >>>>>>>>>>>>>>>>>>>> 开始循环]
[2025-05-24 16:27:00,465] [process.py[line:108]] [INFO] [drivered_video >>>>>>>>>>>>>>>>>>>> 开始循环]
[2025-05-24 16:27:00,505] [process.py[line:108]] [INFO] [drivered_video >>>>>>>>>>>>>>>>>>>> 开始循环]
[2025-05-24 16:27:00,545] [process.py[line:108]] [INFO] [drivered_video >>>>>>>>>>>>>>>>>>>> 开始循环]
[2025-05-24 16:27:00,585] [process.py[line:108]] [INFO] [drivered_video >>>>>>>>>>>>>>>>>>>> 开始循环]
[2025-05-24 16:27:00,628] [process.py[line:108]] [INFO] [drivered_video >>>>>>>>>>>>>>>>>>>> 开始循环]
[2025-05-24 16:27:00,667] [process.py[line:108]] [INFO] [drivered_video >>>>>>>>>>>>>>>>>>>> 开始循环]
[2025-05-24 16:27:00,707] [process.py[line:108]] [INFO] [drivered_video >>>>>>>>>>>>>>>>>>>> 开始循环]
[2025-05-24 16:27:00,747] [process.py[line:108]] [INFO] [drivered_video >>>>>>>>>>>>>>>>>>>> 开始循环]
[2025-05-24 16:27:00,788] [process.py[line:108]] [INFO] [drivered_video >>>>>>>>>>>>>>>>>>>> 开始循环]
[2025-05-24 16:27:00,828] [process.py[line:108]] [INFO] [drivered_video >>>>>>>>>>>>>>>>>>>> 开始循环]
[2025-05-24 16:27:00,868] [process.py[line:108]] [INFO] [drivered_video >>>>>>>>>>>>>>>>>>>> 开始循环]
[2025-05-24 16:27:00,908] [process.py[line:108]] [INFO] [drivered_video >>>>>>>>>>>>>>>>>>>> 开始循环]
[2025-05-24 16:27:00,949] [process.py[line:108]] [INFO] [drivered_video >>>>>>>>>>>>>>>>>>>> 开始循环]
[2025-05-24 16:27:00,988] [process.py[line:108]] [INFO] [drivered_video >>>>>>>>>>>>>>>>>>>> 开始循环]
[2025-05-24 16:27:01,028] [process.py[line:108]] [INFO] [drivered_video >>>>>>>>>>>>>>>>>>>> 开始循环]
[2025-05-24 16:27:01,068] [process.py[line:108]] [INFO] [drivered_video >>>>>>>>>>>>>>>>>>>> 开始循环]
[2025-05-24 16:27:01,108] [process.py[line:108]] [INFO] [drivered_video >>>>>>>>>>>>>>>>>>>> 开始循环]
[2025-05-24 16:27:01,148] [process.py[line:108]] [INFO] [drivered_video >>>>>>>>>>>>>>>>>>>> 开始循环]
[2025-05-24 16:27:01,188] [process.py[line:108]] [INFO] [drivered_video >>>>>>>>>>>>>>>>>>>> 开始循环]
[2025-05-24 16:27:01,228] [process.py[line:108]] [INFO] [drivered_video >>>>>>>>>>>>>>>>>>>> 开始循环]
[2025-05-24 16:27:01,268] [process.py[line:108]] [INFO] [drivered_video >>>>>>>>>>>>>>>>>>>> 开始循环]
[2025-05-24 16:27:01,308] [process.py[line:108]] [INFO] [drivered_video >>>>>>>>>>>>>>>>>>>> 开始循环]
[2025-05-24 16:27:01,348] [process.py[line:108]] [INFO] [drivered_video >>>>>>>>>>>>>>>>>>>> 开始循环]
[2025-05-24 16:27:01,387] [process.py[line:108]] [INFO] [drivered_video >>>>>>>>>>>>>>>>>>>> 开始循环]
[2025-05-24 16:27:01,428] [process.py[line:108]] [INFO] [drivered_video >>>>>>>>>>>>>>>>>>>> 开始循环]
[2025-05-24 16:27:01,468] [process.py[line:108]] [INFO] [drivered_video >>>>>>>>>>>>>>>>>>>> 开始循环]
[2025-05-24 16:27:01,508] [process.py[line:108]] [INFO] [drivered_video >>>>>>>>>>>>>>>>>>>> 开始循环]
[2025-05-24 16:27:01,548] [process.py[line:108]] [INFO] [drivered_video >>>>>>>>>>>>>>>>>>>> 开始循环]
[2025-05-24 16:27:01,589] [process.py[line:108]] [INFO] [drivered_video >>>>>>>>>>>>>>>>>>>> 开始循环]
[2025-05-24 16:27:01,629] [process.py[line:108]] [INFO] [drivered_video >>>>>>>>>>>>>>>>>>>> 开始循环]
[2025-05-24 16:27:01,669] [process.py[line:108]] [INFO] [drivered_video >>>>>>>>>>>>>>>>>>>> 开始循环]
[2025-05-24 16:27:01,709] [process.py[line:108]] [INFO] [drivered_video >>>>>>>>>>>>>>>>>>>> 开始循环]
[2025-05-24 16:27:01,748] [process.py[line:108]] [INFO] [drivered_video >>>>>>>>>>>>>>>>>>>> 开始循环]
[2025-05-24 16:27:01,788] [process.py[line:108]] [INFO] [drivered_video >>>>>>>>>>>>>>>>>>>> 开始循环]
[2025-05-24 16:27:01,831] [process.py[line:108]] [INFO] [drivered_video >>>>>>>>>>>>>>>>>>>> 开始循环]
[2025-05-24 16:27:01,871] [process.py[line:108]] [INFO] [drivered_video >>>>>>>>>>>>>>>>>>>> 开始循环]
[2025-05-24 16:27:01,912] [process.py[line:108]] [INFO] [drivered_video >>>>>>>>>>>>>>>>>>>> 开始循环]
[2025-05-24 16:27:01,952] [process.py[line:108]] [INFO] [drivered_video >>>>>>>>>>>>>>>>>>>> 开始循环]
[2025-05-24 16:27:01,991] [process.py[line:108]] [INFO] [drivered_video >>>>>>>>>>>>>>>>>>>> 开始循环]
[2025-05-24 16:27:02,031] [process.py[line:108]] [INFO] [drivered_video >>>>>>>>>>>>>>>>>>>> 开始循环]
[2025-05-24 16:27:02,071] [process.py[line:108]] [INFO] [drivered_video >>>>>>>>>>>>>>>>>>>> 开始循环]
[2025-05-24 16:27:02,112] [process.py[line:108]] [INFO] [drivered_video >>>>>>>>>>>>>>>>>>>> 开始循环]
[2025-05-24 16:27:02,152] [process.py[line:108]] [INFO] [drivered_video >>>>>>>>>>>>>>>>>>>> 开始循环]
[2025-05-24 16:27:02,192] [process.py[line:108]] [INFO] [drivered_video >>>>>>>>>>>>>>>>>>>> 开始循环]
[2025-05-24 16:27:02,233] [process.py[line:108]] [INFO] [drivered_video >>>>>>>>>>>>>>>>>>>> 开始循环]
[2025-05-24 16:27:02,273] [process.py[line:108]] [INFO] [drivered_video >>>>>>>>>>>>>>>>>>>> 开始循环]
[2025-05-24 16:27:02,315] [process.py[line:108]] [INFO] [drivered_video >>>>>>>>>>>>>>>>>>>> 开始循环]
[2025-05-24 16:27:02,356] [process.py[line:108]] [INFO] [drivered_video >>>>>>>>>>>>>>>>>>>> 开始循环]
[2025-05-24 16:27:02,396] [process.py[line:108]] [INFO] [drivered_video >>>>>>>>>>>>>>>>>>>> 开始循环]
[2025-05-24 16:27:02,435] [process.py[line:108]] [INFO] [drivered_video >>>>>>>>>>>>>>>>>>>> 开始循环]
[2025-05-24 16:27:02,475] [process.py[line:108]] [INFO] [drivered_video >>>>>>>>>>>>>>>>>>>> 开始循环]
[2025-05-24 16:27:02,516] [process.py[line:108]] [INFO] [drivered_video >>>>>>>>>>>>>>>>>>>> 开始循环]
[2025-05-24 16:27:02,556] [process.py[line:108]] [INFO] [drivered_video >>>>>>>>>>>>>>>>>>>> 开始循环]
[2025-05-24 16:27:02,596] [process.py[line:108]] [INFO] [drivered_video >>>>>>>>>>>>>>>>>>>> 开始循环]
[2025-05-24 16:27:02,636] [process.py[line:108]] [INFO] [drivered_video >>>>>>>>>>>>>>>>>>>> 开始循环]
[2025-05-24 16:27:02,676] [process.py[line:108]] [INFO] [drivered_video >>>>>>>>>>>>>>>>>>>> 开始循环]
[2025-05-24 16:27:02,716] [process.py[line:108]] [INFO] [drivered_video >>>>>>>>>>>>>>>>>>>> 开始循环]
[2025-05-24 16:27:02,756] [process.py[line:108]] [INFO] [drivered_video >>>>>>>>>>>>>>>>>>>> 开始循环]
[2025-05-24 16:27:02,796] [process.py[line:108]] [INFO] [drivered_video >>>>>>>>>>>>>>>>>>>> 开始循环]
[2025-05-24 16:27:02,836] [process.py[line:108]] [INFO] [drivered_video >>>>>>>>>>>>>>>>>>>> 开始循环]
[2025-05-24 16:27:02,876] [process.py[line:108]] [INFO] [drivered_video >>>>>>>>>>>>>>>>>>>> 开始循环]
[2025-05-24 16:27:02,917] [process.py[line:108]] [INFO] [drivered_video >>>>>>>>>>>>>>>>>>>> 开始循环]
[2025-05-24 16:27:02,956] [process.py[line:108]] [INFO] [drivered_video >>>>>>>>>>>>>>>>>>>> 开始循环]
[2025-05-24 16:27:02,996] [process.py[line:108]] [INFO] [drivered_video >>>>>>>>>>>>>>>>>>>> 开始循环]
[2025-05-24 16:27:03,036] [process.py[line:108]] [INFO] [drivered_video >>>>>>>>>>>>>>>>>>>> 开始循环]
[2025-05-24 16:27:03,076] [process.py[line:108]] [INFO] [drivered_video >>>>>>>>>>>>>>>>>>>> 开始循环]
[2025-05-24 16:27:03,116] [process.py[line:108]] [INFO] [drivered_video >>>>>>>>>>>>>>>>>>>> 开始循环]
[2025-05-24 16:27:03,155] [process.py[line:108]] [INFO] [drivered_video >>>>>>>>>>>>>>>>>>>> 开始循环]
[2025-05-24 16:27:03,195] [process.py[line:108]] [INFO] [drivered_video >>>>>>>>>>>>>>>>>>>> 开始循环]
[2025-05-24 16:27:03,235] [process.py[line:108]] [INFO] [drivered_video >>>>>>>>>>>>>>>>>>>> 开始循环]
[2025-05-24 16:27:03,275] [process.py[line:108]] [INFO] [drivered_video >>>>>>>>>>>>>>>>>>>> 开始循环]
[2025-05-24 16:27:03,315] [process.py[line:108]] [INFO] [drivered_video >>>>>>>>>>>>>>>>>>>> 开始循环]
[2025-05-24 16:27:03,355] [process.py[line:108]] [INFO] [drivered_video >>>>>>>>>>>>>>>>>>>> 开始循环]
[2025-05-24 16:27:03,396] [process.py[line:108]] [INFO] [drivered_video >>>>>>>>>>>>>>>>>>>> 开始循环]
[2025-05-24 16:27:03,435] [process.py[line:108]] [INFO] [drivered_video >>>>>>>>>>>>>>>>>>>> 开始循环]
[2025-05-24 16:27:03,475] [process.py[line:108]] [INFO] [drivered_video >>>>>>>>>>>>>>>>>>>> 开始循环]
[2025-05-24 16:27:03,514] [process.py[line:108]] [INFO] [drivered_video >>>>>>>>>>>>>>>>>>>> 开始循环]
[2025-05-24 16:27:03,554] [process.py[line:108]] [INFO] [drivered_video >>>>>>>>>>>>>>>>>>>> 开始循环]
[2025-05-24 16:27:03,593] [process.py[line:108]] [INFO] [drivered_video >>>>>>>>>>>>>>>>>>>> 开始循环]
[2025-05-24 16:27:03,632] [process.py[line:108]] [INFO] [drivered_video >>>>>>>>>>>>>>>>>>>> 开始循环]
[2025-05-24 16:27:03,672] [process.py[line:108]] [INFO] [drivered_video >>>>>>>>>>>>>>>>>>>> 开始循环]
[2025-05-24 16:27:03,712] [process.py[line:108]] [INFO] [drivered_video >>>>>>>>>>>>>>>>>>>> 开始循环]
[2025-05-24 16:27:03,751] [process.py[line:108]] [INFO] [drivered_video >>>>>>>>>>>>>>>>>>>> 开始循环]
[2025-05-24 16:27:03,790] [process.py[line:108]] [INFO] [drivered_video >>>>>>>>>>>>>>>>>>>> 开始循环]
[2025-05-24 16:27:03,828] [process.py[line:108]] [INFO] [drivered_video >>>>>>>>>>>>>>>>>>>> 开始循环]
[2025-05-24 16:27:03,845] [process.py[line:108]] [INFO] [append imgs over]
[2025-05-24 16:27:03,848] [process.py[line:108]] [INFO] [drivered_video >>>>>>>>>>>>>>>>>>>> 发送数据结束]
[2025-05-24 16:27:03,848] [process.py[line:108]] [INFO] [[1004]任务预处理进程结束]
[2025-05-24 16:34:37,334] [run.py[line:252]] [INFO] [>>> 任务:1004 耗时:461.5265610218048 ]
[2025-05-24 16:38:13,475] [run.py[line:245]] [INFO] [TransDhTask init]
[2025-05-24 16:38:15,712] [process.py[line:108]] [INFO] [>>> init_wh_process进程启动]
[2025-05-24 16:38:33,993] [run.py[line:252]] [INFO] [任务:1004 -> audio_url:/home/hk/HeyGem-Linux-Python-Hack/1004_format.wav  video_url:/home/hk/HeyGem-Linux-Python-Hack/1004_format.mp4]
[2025-05-24 16:38:34,019] [run.py[line:252]] [INFO] [[1004] -> ffmpeg video: ffmpeg -loglevel warning -i /home/hk/HeyGem-Linux-Python-Hack/1004_format.mp4 -crf 15 -vcodec copy -an -y ./1004_format.mp4]
[2025-05-24 16:38:34,072] [run.py[line:252]] [INFO] [[1004] -> ffmpeg audio: ffmpeg -loglevel warning -i /home/hk/HeyGem-Linux-Python-Hack/1004_format.wav -ac 1 -ar 16000 -acodec pcm_s16le -y  ./1004_format.wav]
[2025-05-24 16:38:34,115] [run.py[line:252]] [INFO] [[1004] -> 预处理耗时:0.12114500999450684s]
[2025-05-24 16:38:34,355] [run.py[line:252]] [INFO] [[1004] -> get_aud_feat1 cost:0.23921799659729004s]
[2025-05-24 16:38:34,358] [process.py[line:108]] [INFO] [[1004]init_wh result :[0.8305084745762712]， cost: 0.24216842651367188 s]
[2025-05-24 16:38:34,359] [run.py[line:252]] [INFO] [[1004] -> wh: [0.8305084745762712]]
[2025-05-24 16:38:36,042] [process.py[line:108]] [INFO] [[1004]任务视频驱动队列启动 batch_size:4, len:150]
[2025-05-24 16:38:36,062] [process.py[line:108]] [INFO] [drivered_video >>>>>>>>>>>>>>>>>>>> 开始循环]
[2025-05-24 16:38:36,098] [process.py[line:108]] [INFO] [drivered_video >>>>>>>>>>>>>>>>>>>> 开始循环]
[2025-05-24 16:38:36,133] [process.py[line:108]] [INFO] [drivered_video >>>>>>>>>>>>>>>>>>>> 开始循环]
[2025-05-24 16:38:36,169] [process.py[line:108]] [INFO] [drivered_video >>>>>>>>>>>>>>>>>>>> 开始循环]
[2025-05-24 16:38:36,209] [process.py[line:108]] [INFO] [drivered_video >>>>>>>>>>>>>>>>>>>> 开始循环]
[2025-05-24 16:38:36,248] [process.py[line:108]] [INFO] [drivered_video >>>>>>>>>>>>>>>>>>>> 开始循环]
[2025-05-24 16:38:36,288] [process.py[line:108]] [INFO] [drivered_video >>>>>>>>>>>>>>>>>>>> 开始循环]
[2025-05-24 16:38:36,328] [process.py[line:108]] [INFO] [drivered_video >>>>>>>>>>>>>>>>>>>> 开始循环]
[2025-05-24 16:38:36,368] [process.py[line:108]] [INFO] [drivered_video >>>>>>>>>>>>>>>>>>>> 开始循环]
[2025-05-24 16:38:36,408] [process.py[line:108]] [INFO] [drivered_video >>>>>>>>>>>>>>>>>>>> 开始循环]
[2025-05-24 16:38:36,447] [process.py[line:108]] [INFO] [drivered_video >>>>>>>>>>>>>>>>>>>> 开始循环]
[2025-05-24 16:38:36,488] [process.py[line:108]] [INFO] [drivered_video >>>>>>>>>>>>>>>>>>>> 开始循环]
[2025-05-24 16:38:36,528] [process.py[line:108]] [INFO] [drivered_video >>>>>>>>>>>>>>>>>>>> 开始循环]
[2025-05-24 16:38:36,568] [process.py[line:108]] [INFO] [drivered_video >>>>>>>>>>>>>>>>>>>> 开始循环]
[2025-05-24 16:38:36,608] [process.py[line:108]] [INFO] [drivered_video >>>>>>>>>>>>>>>>>>>> 开始循环]
[2025-05-24 16:38:36,647] [process.py[line:108]] [INFO] [drivered_video >>>>>>>>>>>>>>>>>>>> 开始循环]
[2025-05-24 16:38:36,687] [process.py[line:108]] [INFO] [drivered_video >>>>>>>>>>>>>>>>>>>> 开始循环]
[2025-05-24 16:38:36,728] [process.py[line:108]] [INFO] [drivered_video >>>>>>>>>>>>>>>>>>>> 开始循环]
[2025-05-24 16:38:36,767] [process.py[line:108]] [INFO] [drivered_video >>>>>>>>>>>>>>>>>>>> 开始循环]
[2025-05-24 16:38:36,806] [process.py[line:108]] [INFO] [drivered_video >>>>>>>>>>>>>>>>>>>> 开始循环]
[2025-05-24 16:38:36,846] [process.py[line:108]] [INFO] [drivered_video >>>>>>>>>>>>>>>>>>>> 开始循环]
[2025-05-24 16:38:36,884] [process.py[line:108]] [INFO] [drivered_video >>>>>>>>>>>>>>>>>>>> 开始循环]
[2025-05-24 16:38:36,924] [process.py[line:108]] [INFO] [drivered_video >>>>>>>>>>>>>>>>>>>> 开始循环]
[2025-05-24 16:38:36,964] [process.py[line:108]] [INFO] [drivered_video >>>>>>>>>>>>>>>>>>>> 开始循环]
[2025-05-24 16:38:37,004] [process.py[line:108]] [INFO] [drivered_video >>>>>>>>>>>>>>>>>>>> 开始循环]
[2025-05-24 16:38:37,044] [process.py[line:108]] [INFO] [drivered_video >>>>>>>>>>>>>>>>>>>> 开始循环]
[2025-05-24 16:38:37,084] [process.py[line:108]] [INFO] [drivered_video >>>>>>>>>>>>>>>>>>>> 开始循环]
[2025-05-24 16:38:37,124] [process.py[line:108]] [INFO] [drivered_video >>>>>>>>>>>>>>>>>>>> 开始循环]
[2025-05-24 16:38:37,164] [process.py[line:108]] [INFO] [drivered_video >>>>>>>>>>>>>>>>>>>> 开始循环]
[2025-05-24 16:38:37,204] [process.py[line:108]] [INFO] [drivered_video >>>>>>>>>>>>>>>>>>>> 开始循环]
[2025-05-24 16:38:37,245] [process.py[line:108]] [INFO] [drivered_video >>>>>>>>>>>>>>>>>>>> 开始循环]
[2025-05-24 16:38:37,286] [process.py[line:108]] [INFO] [drivered_video >>>>>>>>>>>>>>>>>>>> 开始循环]
[2025-05-24 16:38:37,326] [process.py[line:108]] [INFO] [drivered_video >>>>>>>>>>>>>>>>>>>> 开始循环]
[2025-05-24 16:38:37,366] [process.py[line:108]] [INFO] [drivered_video >>>>>>>>>>>>>>>>>>>> 开始循环]
[2025-05-24 16:38:37,406] [process.py[line:108]] [INFO] [drivered_video >>>>>>>>>>>>>>>>>>>> 开始循环]
[2025-05-24 16:38:37,447] [process.py[line:108]] [INFO] [drivered_video >>>>>>>>>>>>>>>>>>>> 开始循环]
[2025-05-24 16:38:37,486] [process.py[line:108]] [INFO] [drivered_video >>>>>>>>>>>>>>>>>>>> 开始循环]
[2025-05-24 16:38:37,526] [process.py[line:108]] [INFO] [drivered_video >>>>>>>>>>>>>>>>>>>> 开始循环]
[2025-05-24 16:38:37,565] [process.py[line:108]] [INFO] [drivered_video >>>>>>>>>>>>>>>>>>>> 开始循环]
[2025-05-24 16:38:37,604] [process.py[line:108]] [INFO] [drivered_video >>>>>>>>>>>>>>>>>>>> 开始循环]
[2025-05-24 16:38:37,644] [process.py[line:108]] [INFO] [drivered_video >>>>>>>>>>>>>>>>>>>> 开始循环]
[2025-05-24 16:38:37,683] [process.py[line:108]] [INFO] [drivered_video >>>>>>>>>>>>>>>>>>>> 开始循环]
[2025-05-24 16:38:37,723] [process.py[line:108]] [INFO] [drivered_video >>>>>>>>>>>>>>>>>>>> 开始循环]
[2025-05-24 16:38:37,762] [process.py[line:108]] [INFO] [drivered_video >>>>>>>>>>>>>>>>>>>> 开始循环]
[2025-05-24 16:38:37,801] [process.py[line:108]] [INFO] [drivered_video >>>>>>>>>>>>>>>>>>>> 开始循环]
[2025-05-24 16:38:37,840] [process.py[line:108]] [INFO] [drivered_video >>>>>>>>>>>>>>>>>>>> 开始循环]
[2025-05-24 16:38:37,880] [process.py[line:108]] [INFO] [drivered_video >>>>>>>>>>>>>>>>>>>> 开始循环]
[2025-05-24 16:38:37,920] [process.py[line:108]] [INFO] [drivered_video >>>>>>>>>>>>>>>>>>>> 开始循环]
[2025-05-24 16:38:37,959] [process.py[line:108]] [INFO] [drivered_video >>>>>>>>>>>>>>>>>>>> 开始循环]
[2025-05-24 16:38:37,999] [process.py[line:108]] [INFO] [drivered_video >>>>>>>>>>>>>>>>>>>> 开始循环]
[2025-05-24 16:38:38,038] [process.py[line:108]] [INFO] [drivered_video >>>>>>>>>>>>>>>>>>>> 开始循环]
[2025-05-24 16:38:38,078] [process.py[line:108]] [INFO] [drivered_video >>>>>>>>>>>>>>>>>>>> 开始循环]
[2025-05-24 16:38:38,117] [process.py[line:108]] [INFO] [drivered_video >>>>>>>>>>>>>>>>>>>> 开始循环]
[2025-05-24 16:38:38,156] [process.py[line:108]] [INFO] [drivered_video >>>>>>>>>>>>>>>>>>>> 开始循环]
[2025-05-24 16:38:38,196] [process.py[line:108]] [INFO] [drivered_video >>>>>>>>>>>>>>>>>>>> 开始循环]
[2025-05-24 16:38:38,236] [process.py[line:108]] [INFO] [drivered_video >>>>>>>>>>>>>>>>>>>> 开始循环]
[2025-05-24 16:38:38,275] [process.py[line:108]] [INFO] [drivered_video >>>>>>>>>>>>>>>>>>>> 开始循环]
[2025-05-24 16:38:38,314] [process.py[line:108]] [INFO] [drivered_video >>>>>>>>>>>>>>>>>>>> 开始循环]
[2025-05-24 16:38:38,354] [process.py[line:108]] [INFO] [drivered_video >>>>>>>>>>>>>>>>>>>> 开始循环]
[2025-05-24 16:38:38,392] [process.py[line:108]] [INFO] [drivered_video >>>>>>>>>>>>>>>>>>>> 开始循环]
[2025-05-24 16:38:38,432] [process.py[line:108]] [INFO] [drivered_video >>>>>>>>>>>>>>>>>>>> 开始循环]
[2025-05-24 16:38:38,471] [process.py[line:108]] [INFO] [drivered_video >>>>>>>>>>>>>>>>>>>> 开始循环]
[2025-05-24 16:38:38,511] [process.py[line:108]] [INFO] [drivered_video >>>>>>>>>>>>>>>>>>>> 开始循环]
[2025-05-24 16:38:38,551] [process.py[line:108]] [INFO] [drivered_video >>>>>>>>>>>>>>>>>>>> 开始循环]
[2025-05-24 16:38:38,590] [process.py[line:108]] [INFO] [drivered_video >>>>>>>>>>>>>>>>>>>> 开始循环]
[2025-05-24 16:38:38,629] [process.py[line:108]] [INFO] [drivered_video >>>>>>>>>>>>>>>>>>>> 开始循环]
[2025-05-24 16:38:38,669] [process.py[line:108]] [INFO] [drivered_video >>>>>>>>>>>>>>>>>>>> 开始循环]
[2025-05-24 16:38:38,708] [process.py[line:108]] [INFO] [drivered_video >>>>>>>>>>>>>>>>>>>> 开始循环]
[2025-05-24 16:38:38,747] [process.py[line:108]] [INFO] [drivered_video >>>>>>>>>>>>>>>>>>>> 开始循环]
[2025-05-24 16:38:38,787] [process.py[line:108]] [INFO] [drivered_video >>>>>>>>>>>>>>>>>>>> 开始循环]
[2025-05-24 16:38:38,827] [process.py[line:108]] [INFO] [drivered_video >>>>>>>>>>>>>>>>>>>> 开始循环]
[2025-05-24 16:38:38,866] [process.py[line:108]] [INFO] [drivered_video >>>>>>>>>>>>>>>>>>>> 开始循环]
[2025-05-24 16:38:38,906] [process.py[line:108]] [INFO] [drivered_video >>>>>>>>>>>>>>>>>>>> 开始循环]
[2025-05-24 16:38:38,944] [process.py[line:108]] [INFO] [drivered_video >>>>>>>>>>>>>>>>>>>> 开始循环]
[2025-05-24 16:38:38,984] [process.py[line:108]] [INFO] [drivered_video >>>>>>>>>>>>>>>>>>>> 开始循环]
[2025-05-24 16:38:39,023] [process.py[line:108]] [INFO] [drivered_video >>>>>>>>>>>>>>>>>>>> 开始循环]
[2025-05-24 16:38:39,063] [process.py[line:108]] [INFO] [drivered_video >>>>>>>>>>>>>>>>>>>> 开始循环]
[2025-05-24 16:38:39,103] [process.py[line:108]] [INFO] [drivered_video >>>>>>>>>>>>>>>>>>>> 开始循环]
[2025-05-24 16:38:39,142] [process.py[line:108]] [INFO] [drivered_video >>>>>>>>>>>>>>>>>>>> 开始循环]
[2025-05-24 16:38:39,183] [process.py[line:108]] [INFO] [drivered_video >>>>>>>>>>>>>>>>>>>> 开始循环]
[2025-05-24 16:38:39,222] [process.py[line:108]] [INFO] [drivered_video >>>>>>>>>>>>>>>>>>>> 开始循环]
[2025-05-24 16:38:39,262] [process.py[line:108]] [INFO] [drivered_video >>>>>>>>>>>>>>>>>>>> 开始循环]
[2025-05-24 16:38:39,301] [process.py[line:108]] [INFO] [drivered_video >>>>>>>>>>>>>>>>>>>> 开始循环]
[2025-05-24 16:38:39,336] [process.py[line:108]] [INFO] [drivered_video >>>>>>>>>>>>>>>>>>>> 开始循环]
[2025-05-24 16:38:39,371] [process.py[line:108]] [INFO] [drivered_video >>>>>>>>>>>>>>>>>>>> 开始循环]
[2025-05-24 16:38:39,406] [process.py[line:108]] [INFO] [drivered_video >>>>>>>>>>>>>>>>>>>> 开始循环]
[2025-05-24 16:38:39,445] [process.py[line:108]] [INFO] [drivered_video >>>>>>>>>>>>>>>>>>>> 开始循环]
[2025-05-24 16:38:39,484] [process.py[line:108]] [INFO] [drivered_video >>>>>>>>>>>>>>>>>>>> 开始循环]
[2025-05-24 16:38:39,523] [process.py[line:108]] [INFO] [drivered_video >>>>>>>>>>>>>>>>>>>> 开始循环]
[2025-05-24 16:38:39,562] [process.py[line:108]] [INFO] [drivered_video >>>>>>>>>>>>>>>>>>>> 开始循环]
[2025-05-24 16:38:39,602] [process.py[line:108]] [INFO] [drivered_video >>>>>>>>>>>>>>>>>>>> 开始循环]
[2025-05-24 16:38:39,641] [process.py[line:108]] [INFO] [drivered_video >>>>>>>>>>>>>>>>>>>> 开始循环]
[2025-05-24 16:38:39,680] [process.py[line:108]] [INFO] [drivered_video >>>>>>>>>>>>>>>>>>>> 开始循环]
[2025-05-24 16:38:39,720] [process.py[line:108]] [INFO] [drivered_video >>>>>>>>>>>>>>>>>>>> 开始循环]
[2025-05-24 16:38:39,759] [process.py[line:108]] [INFO] [drivered_video >>>>>>>>>>>>>>>>>>>> 开始循环]
[2025-05-24 16:38:39,799] [process.py[line:108]] [INFO] [drivered_video >>>>>>>>>>>>>>>>>>>> 开始循环]
[2025-05-24 16:38:39,835] [process.py[line:108]] [INFO] [drivered_video >>>>>>>>>>>>>>>>>>>> 开始循环]
[2025-05-24 16:38:39,874] [process.py[line:108]] [INFO] [drivered_video >>>>>>>>>>>>>>>>>>>> 开始循环]
[2025-05-24 16:38:39,908] [process.py[line:108]] [INFO] [drivered_video >>>>>>>>>>>>>>>>>>>> 开始循环]
[2025-05-24 16:38:39,943] [process.py[line:108]] [INFO] [drivered_video >>>>>>>>>>>>>>>>>>>> 开始循环]
[2025-05-24 16:38:39,977] [process.py[line:108]] [INFO] [drivered_video >>>>>>>>>>>>>>>>>>>> 开始循环]
[2025-05-24 16:38:40,015] [process.py[line:108]] [INFO] [drivered_video >>>>>>>>>>>>>>>>>>>> 开始循环]
[2025-05-24 16:38:40,049] [process.py[line:108]] [INFO] [drivered_video >>>>>>>>>>>>>>>>>>>> 开始循环]
[2025-05-24 16:38:40,087] [process.py[line:108]] [INFO] [drivered_video >>>>>>>>>>>>>>>>>>>> 开始循环]
[2025-05-24 16:38:40,124] [process.py[line:108]] [INFO] [drivered_video >>>>>>>>>>>>>>>>>>>> 开始循环]
[2025-05-24 16:38:40,158] [process.py[line:108]] [INFO] [drivered_video >>>>>>>>>>>>>>>>>>>> 开始循环]
[2025-05-24 16:38:40,192] [process.py[line:108]] [INFO] [drivered_video >>>>>>>>>>>>>>>>>>>> 开始循环]
[2025-05-24 16:38:40,231] [process.py[line:108]] [INFO] [drivered_video >>>>>>>>>>>>>>>>>>>> 开始循环]
[2025-05-24 16:38:40,264] [process.py[line:108]] [INFO] [drivered_video >>>>>>>>>>>>>>>>>>>> 开始循环]
[2025-05-24 16:38:40,302] [process.py[line:108]] [INFO] [drivered_video >>>>>>>>>>>>>>>>>>>> 开始循环]
[2025-05-24 16:38:40,336] [process.py[line:108]] [INFO] [drivered_video >>>>>>>>>>>>>>>>>>>> 开始循环]
[2025-05-24 16:38:40,374] [process.py[line:108]] [INFO] [drivered_video >>>>>>>>>>>>>>>>>>>> 开始循环]
[2025-05-24 16:38:40,409] [process.py[line:108]] [INFO] [drivered_video >>>>>>>>>>>>>>>>>>>> 开始循环]
[2025-05-24 16:38:40,443] [process.py[line:108]] [INFO] [drivered_video >>>>>>>>>>>>>>>>>>>> 开始循环]
[2025-05-24 16:38:40,478] [process.py[line:108]] [INFO] [drivered_video >>>>>>>>>>>>>>>>>>>> 开始循环]
[2025-05-24 16:38:40,512] [process.py[line:108]] [INFO] [drivered_video >>>>>>>>>>>>>>>>>>>> 开始循环]
[2025-05-24 16:38:40,546] [process.py[line:108]] [INFO] [drivered_video >>>>>>>>>>>>>>>>>>>> 开始循环]
[2025-05-24 16:38:40,580] [process.py[line:108]] [INFO] [drivered_video >>>>>>>>>>>>>>>>>>>> 开始循环]
[2025-05-24 16:38:40,618] [process.py[line:108]] [INFO] [drivered_video >>>>>>>>>>>>>>>>>>>> 开始循环]
[2025-05-24 16:38:40,652] [process.py[line:108]] [INFO] [drivered_video >>>>>>>>>>>>>>>>>>>> 开始循环]
[2025-05-24 16:38:40,687] [process.py[line:108]] [INFO] [drivered_video >>>>>>>>>>>>>>>>>>>> 开始循环]
[2025-05-24 16:38:40,721] [process.py[line:108]] [INFO] [drivered_video >>>>>>>>>>>>>>>>>>>> 开始循环]
[2025-05-24 16:38:40,755] [process.py[line:108]] [INFO] [drivered_video >>>>>>>>>>>>>>>>>>>> 开始循环]
[2025-05-24 16:38:40,790] [process.py[line:108]] [INFO] [drivered_video >>>>>>>>>>>>>>>>>>>> 开始循环]
[2025-05-24 16:38:40,824] [process.py[line:108]] [INFO] [drivered_video >>>>>>>>>>>>>>>>>>>> 开始循环]
[2025-05-24 16:38:40,862] [process.py[line:108]] [INFO] [drivered_video >>>>>>>>>>>>>>>>>>>> 开始循环]
[2025-05-24 16:38:40,896] [process.py[line:108]] [INFO] [drivered_video >>>>>>>>>>>>>>>>>>>> 开始循环]
[2025-05-24 16:38:40,931] [process.py[line:108]] [INFO] [drivered_video >>>>>>>>>>>>>>>>>>>> 开始循环]
[2025-05-24 16:38:40,965] [process.py[line:108]] [INFO] [drivered_video >>>>>>>>>>>>>>>>>>>> 开始循环]
[2025-05-24 16:38:40,999] [process.py[line:108]] [INFO] [drivered_video >>>>>>>>>>>>>>>>>>>> 开始循环]
[2025-05-24 16:38:41,036] [process.py[line:108]] [INFO] [drivered_video >>>>>>>>>>>>>>>>>>>> 开始循环]
[2025-05-24 16:38:41,071] [process.py[line:108]] [INFO] [drivered_video >>>>>>>>>>>>>>>>>>>> 开始循环]
[2025-05-24 16:38:41,104] [process.py[line:108]] [INFO] [drivered_video >>>>>>>>>>>>>>>>>>>> 开始循环]
[2025-05-24 16:38:41,143] [process.py[line:108]] [INFO] [drivered_video >>>>>>>>>>>>>>>>>>>> 开始循环]
[2025-05-24 16:38:41,177] [process.py[line:108]] [INFO] [drivered_video >>>>>>>>>>>>>>>>>>>> 开始循环]
[2025-05-24 16:38:41,215] [process.py[line:108]] [INFO] [drivered_video >>>>>>>>>>>>>>>>>>>> 开始循环]
[2025-05-24 16:38:41,252] [process.py[line:108]] [INFO] [drivered_video >>>>>>>>>>>>>>>>>>>> 开始循环]
[2025-05-24 16:38:41,287] [process.py[line:108]] [INFO] [drivered_video >>>>>>>>>>>>>>>>>>>> 开始循环]
[2025-05-24 16:38:41,321] [process.py[line:108]] [INFO] [drivered_video >>>>>>>>>>>>>>>>>>>> 开始循环]
[2025-05-24 16:38:41,356] [process.py[line:108]] [INFO] [drivered_video >>>>>>>>>>>>>>>>>>>> 开始循环]
[2025-05-24 16:38:41,391] [process.py[line:108]] [INFO] [drivered_video >>>>>>>>>>>>>>>>>>>> 开始循环]
[2025-05-24 16:38:41,424] [process.py[line:108]] [INFO] [drivered_video >>>>>>>>>>>>>>>>>>>> 开始循环]
[2025-05-24 16:38:41,459] [process.py[line:108]] [INFO] [drivered_video >>>>>>>>>>>>>>>>>>>> 开始循环]
[2025-05-24 16:38:41,492] [process.py[line:108]] [INFO] [drivered_video >>>>>>>>>>>>>>>>>>>> 开始循环]
[2025-05-24 16:38:41,526] [process.py[line:108]] [INFO] [drivered_video >>>>>>>>>>>>>>>>>>>> 开始循环]
[2025-05-24 16:38:41,560] [process.py[line:108]] [INFO] [drivered_video >>>>>>>>>>>>>>>>>>>> 开始循环]
[2025-05-24 16:38:41,595] [process.py[line:108]] [INFO] [drivered_video >>>>>>>>>>>>>>>>>>>> 开始循环]
[2025-05-24 16:38:41,629] [process.py[line:108]] [INFO] [drivered_video >>>>>>>>>>>>>>>>>>>> 开始循环]
[2025-05-24 16:38:41,664] [process.py[line:108]] [INFO] [drivered_video >>>>>>>>>>>>>>>>>>>> 开始循环]
[2025-05-24 16:38:41,698] [process.py[line:108]] [INFO] [drivered_video >>>>>>>>>>>>>>>>>>>> 开始循环]
[2025-05-24 16:38:41,714] [process.py[line:108]] [INFO] [append imgs over]
[2025-05-24 16:38:41,716] [process.py[line:108]] [INFO] [drivered_video >>>>>>>>>>>>>>>>>>>> 发送数据结束]
[2025-05-24 16:38:41,717] [process.py[line:108]] [INFO] [[1004]任务预处理进程结束]
[2025-05-24 17:00:46,405] [app.py[line:179]] [INFO] [TransDhTask init]
[2025-05-24 17:00:46,936] [app.py[line:186]] [INFO] [开始初始化 trans_dh_service...]
[2025-05-24 17:00:51,216] [process.py[line:108]] [INFO] [>>> init_wh_process进程启动]
[2025-05-24 17:00:51,940] [app.py[line:189]] [INFO] [trans_dh_service 初始化完成。]
[2025-05-24 17:00:52,201] [_client.py[line:1025]] [INFO] [HTTP Request: GET http://localhost:7862/startup-events "HTTP/1.1 200 OK"]
[2025-05-24 17:00:52,213] [_client.py[line:1025]] [INFO] [HTTP Request: HEAD http://localhost:7862/ "HTTP/1.1 200 OK"]
[2025-05-24 17:00:52,528] [_client.py[line:1025]] [INFO] [HTTP Request: GET https://checkip.amazonaws.com/ "HTTP/1.1 200 "]
[2025-05-24 17:00:52,562] [_client.py[line:1025]] [INFO] [HTTP Request: GET https://checkip.amazonaws.com/ "HTTP/1.1 200 "]
[2025-05-24 17:00:52,700] [_client.py[line:1025]] [INFO] [HTTP Request: GET https://api.gradio.app/pkg-version "HTTP/1.1 200 OK"]
[2025-05-24 18:02:29,622] [run_gpu.py[line:89]] [INFO] [TransDhTask init]
[2025-05-24 18:02:32,573] [process.py[line:108]] [INFO] [>>> init_wh_process进程启动]
[2025-05-24 18:02:34,589] [process.py[line:108]] [INFO] [>>> 数字人图片处理进程启动]
[2025-05-24 18:02:35,371] [run_gpu.py[line:107]] [INFO] [任务:1004 -> audio_url:/home/hk/HeyGem-Linux-Python-Hack/example/audio.wav  video_url:/home/hk/HeyGem-Linux-Python-Hack/example/video.mp4]
[2025-05-24 18:02:35,399] [run_gpu.py[line:107]] [INFO] [[1004] -> ffmpeg video: ffmpeg -loglevel warning -i /home/hk/HeyGem-Linux-Python-Hack/example/video.mp4 -crf 15 -vcodec copy -an -y ./1004_format.mp4]
[2025-05-24 18:02:35,515] [run_gpu.py[line:107]] [INFO] [[1004] -> ffmpeg audio: ffmpeg -loglevel warning -i /home/hk/HeyGem-Linux-Python-Hack/example/audio.wav -ac 1 -ar 16000 -acodec pcm_s16le -y  ./1004_format.wav]
[2025-05-24 18:02:35,592] [run_gpu.py[line:107]] [INFO] [[1004] -> 预处理耗时:0.2206127643585205s]
[2025-05-24 18:02:44,344] [run_gpu.py[line:107]] [INFO] [[1004] -> get_aud_feat1 cost:8.750825881958008s]
[2025-05-24 18:02:54,360] [run_gpu.py[line:107]] [ERROR] [[1004]任务执行失败，异常信息:[]]
[2025-05-24 18:02:54,361] [run_gpu.py[line:107]] [INFO] [>>> 任务:1004 耗时:18.989522218704224 ]
[2025-05-24 18:05:38,146] [app_gpu.py[line:59]] [INFO] [VideoProcessor init]
[2025-05-24 18:05:38,146] [app_gpu.py[line:60]] [INFO] [TransDhTask init]
[2025-05-24 18:06:58,715] [app_gpu.py[line:59]] [INFO] [VideoProcessor init]
[2025-05-24 18:06:58,715] [app_gpu.py[line:60]] [INFO] [TransDhTask init]
[2025-05-24 18:06:59,083] [app_gpu.py[line:67]] [INFO] [VideoProcessor init finished]
[2025-05-24 18:06:59,389] [_client.py[line:1025]] [INFO] [HTTP Request: GET http://localhost:7860/startup-events "HTTP/1.1 200 OK"]
[2025-05-24 18:06:59,405] [_client.py[line:1025]] [INFO] [HTTP Request: HEAD http://localhost:7860/ "HTTP/1.1 200 OK"]
[2025-05-24 18:06:59,883] [_client.py[line:1025]] [INFO] [HTTP Request: GET https://checkip.amazonaws.com/ "HTTP/1.1 200 "]
[2025-05-24 18:06:59,897] [_client.py[line:1025]] [INFO] [HTTP Request: GET https://checkip.amazonaws.com/ "HTTP/1.1 200 "]
[2025-05-24 18:06:59,963] [_client.py[line:1025]] [INFO] [HTTP Request: GET https://api.gradio.app/pkg-version "HTTP/1.1 200 OK"]
[2025-05-24 18:07:02,307] [process.py[line:108]] [INFO] [>>> init_wh_process进程启动]
[2025-05-24 18:07:04,410] [process.py[line:108]] [INFO] [>>> 数字人图片处理进程启动]
[2025-05-24 18:09:54,944] [app_gpu.py[line:59]] [INFO] [VideoProcessor init]
[2025-05-24 18:09:54,944] [app_gpu.py[line:60]] [INFO] [TransDhTask init]
[2025-05-24 18:09:55,316] [app_gpu.py[line:67]] [INFO] [VideoProcessor init finished]
[2025-05-24 18:09:55,779] [_client.py[line:1025]] [INFO] [HTTP Request: GET https://checkip.amazonaws.com/ "HTTP/1.1 200 "]
[2025-05-24 18:09:56,080] [_client.py[line:1025]] [INFO] [HTTP Request: GET https://api.gradio.app/pkg-version "HTTP/1.1 200 OK"]
[2025-05-24 18:11:04,101] [app_gpu.py[line:59]] [INFO] [VideoProcessor init]
[2025-05-24 18:11:04,101] [app_gpu.py[line:60]] [INFO] [TransDhTask init]
[2025-05-24 18:11:04,502] [app_gpu.py[line:67]] [INFO] [VideoProcessor init finished]
[2025-05-24 18:11:04,751] [_client.py[line:1025]] [INFO] [HTTP Request: GET http://localhost:7861/startup-events "HTTP/1.1 200 OK"]
[2025-05-24 18:11:04,761] [_client.py[line:1025]] [INFO] [HTTP Request: HEAD http://localhost:7861/ "HTTP/1.1 200 OK"]
[2025-05-24 18:11:05,052] [_client.py[line:1025]] [INFO] [HTTP Request: GET https://checkip.amazonaws.com/ "HTTP/1.1 200 "]
[2025-05-24 18:11:05,288] [_client.py[line:1025]] [INFO] [HTTP Request: GET https://api.gradio.app/pkg-version "HTTP/1.1 200 OK"]
[2025-05-24 18:11:05,424] [_client.py[line:1025]] [INFO] [HTTP Request: GET https://checkip.amazonaws.com/ "HTTP/1.1 200 "]
[2025-05-24 18:11:08,179] [process.py[line:108]] [INFO] [>>> init_wh_process进程启动]
[2025-05-24 18:11:10,206] [process.py[line:108]] [INFO] [>>> 数字人图片处理进程启动]
[2025-05-24 18:13:29,571] [app_gpu.py[line:110]] [INFO] [Starting GPU processing with code: 1004]
[2025-05-24 18:13:29,572] [app_gpu.py[line:71]] [INFO] [🚀 GPU Processing: audio=/tmp/gradio/886f4e5cd90b79c8575c8bb18c93d41543b2619272f75841dac095a65c8f85dd/audio.wav, video=/tmp/gradio/a11e32bda4b3d15777ed8d481e66859805e71c5168221d0098eac2b31b3f4e7b/video.mp4, code=1004]
[2025-05-24 18:13:29,572] [app_gpu.py[line:75]] [INFO] [任务:1004 -> audio_url:/tmp/gradio/886f4e5cd90b79c8575c8bb18c93d41543b2619272f75841dac095a65c8f85dd/audio.wav  video_url:/tmp/gradio/a11e32bda4b3d15777ed8d481e66859805e71c5168221d0098eac2b31b3f4e7b/video.mp4]
[2025-05-24 18:13:29,595] [app_gpu.py[line:75]] [INFO] [[1004] -> ffmpeg video: ffmpeg -loglevel warning -i /tmp/gradio/a11e32bda4b3d15777ed8d481e66859805e71c5168221d0098eac2b31b3f4e7b/video.mp4 -crf 15 -vcodec copy -an -y ./1004_format.mp4]
[2025-05-24 18:13:29,676] [app_gpu.py[line:75]] [INFO] [[1004] -> ffmpeg audio: ffmpeg -loglevel warning -i /tmp/gradio/886f4e5cd90b79c8575c8bb18c93d41543b2619272f75841dac095a65c8f85dd/audio.wav -ac 1 -ar 16000 -acodec pcm_s16le -y  ./1004_format.wav]
[2025-05-24 18:13:29,760] [app_gpu.py[line:75]] [INFO] [[1004] -> 预处理耗时:0.1886129379272461s]
[2025-05-24 18:13:31,270] [app_gpu.py[line:75]] [INFO] [[1004] -> get_aud_feat1 cost:1.5091233253479004s]
[2025-05-24 18:13:41,278] [app_gpu.py[line:75]] [ERROR] [[1004]任务执行失败，异常信息:[]]
[2025-05-24 18:13:41,280] [app_gpu.py[line:75]] [INFO] [>>> 任务:1004 耗时:11.708610773086548 ]
[2025-05-24 18:13:41,281] [app_gpu.py[line:78]] [INFO] [✅ GPU Processing completed successfully]
[2025-05-24 18:13:50,674] [process.py[line:108]] [INFO] [[1004]init_wh result :[0.8809176216714891]， cost: 20.91337513923645 s]
[2025-05-24 18:15:25,960] [app_gpu.py[line:110]] [INFO] [Starting GPU processing with code: 1004]
[2025-05-24 18:15:25,960] [app_gpu.py[line:71]] [INFO] [🚀 GPU Processing: audio=/tmp/gradio/886f4e5cd90b79c8575c8bb18c93d41543b2619272f75841dac095a65c8f85dd/audio.wav, video=/tmp/gradio/a11e32bda4b3d15777ed8d481e66859805e71c5168221d0098eac2b31b3f4e7b/video.mp4, code=1004]
[2025-05-24 18:15:25,961] [app_gpu.py[line:75]] [INFO] [任务:1004 -> audio_url:/tmp/gradio/886f4e5cd90b79c8575c8bb18c93d41543b2619272f75841dac095a65c8f85dd/audio.wav  video_url:/tmp/gradio/a11e32bda4b3d15777ed8d481e66859805e71c5168221d0098eac2b31b3f4e7b/video.mp4]
[2025-05-24 18:15:25,983] [app_gpu.py[line:75]] [INFO] [[1004] -> ffmpeg video: ffmpeg -loglevel warning -i /tmp/gradio/a11e32bda4b3d15777ed8d481e66859805e71c5168221d0098eac2b31b3f4e7b/video.mp4 -crf 15 -vcodec copy -an -y ./1004_format.mp4]
[2025-05-24 18:15:26,083] [app_gpu.py[line:75]] [INFO] [[1004] -> ffmpeg audio: ffmpeg -loglevel warning -i /tmp/gradio/886f4e5cd90b79c8575c8bb18c93d41543b2619272f75841dac095a65c8f85dd/audio.wav -ac 1 -ar 16000 -acodec pcm_s16le -y  ./1004_format.wav]
[2025-05-24 18:15:26,185] [app_gpu.py[line:75]] [INFO] [[1004] -> 预处理耗时:0.22487950325012207s]
[2025-05-24 18:15:26,245] [app_gpu.py[line:75]] [INFO] [[1004] -> get_aud_feat1 cost:0.05966901779174805s]
[2025-05-24 18:15:26,246] [app_gpu.py[line:75]] [INFO] [[1004] -> wh: [0.8809176216714891]]
[2025-05-24 18:15:30,225] [process.py[line:108]] [INFO] [[1004]任务视频驱动队列启动 batch_size:4, len:150]
[2025-05-24 18:15:30,247] [process.py[line:108]] [INFO] [drivered_video >>>>>>>>>>>>>>>>>>>> 开始循环]
[2025-05-24 18:15:30,285] [process.py[line:108]] [INFO] [drivered_video >>>>>>>>>>>>>>>>>>>> 发送数据大小:[4], current_idx:4]
[2025-05-24 18:15:30,306] [process.py[line:108]] [INFO] [>>> audio_transfer get message:4]
[2025-05-24 18:15:30,309] [process.py[line:108]] [INFO] [drivered_video >>>>>>>>>>>>>>>>>>>> 发送数据大小:[4], current_idx:8]
[2025-05-24 18:15:30,327] [process.py[line:108]] [INFO] [[1004] -> frame_id:[4] 模糊置信度:[0.969]]
[2025-05-24 18:15:30,327] [process.py[line:108]] [INFO] [[1004] -> need chaofen .]
[2025-05-24 18:15:30,339] [process.py[line:108]] [INFO] [drivered_video >>>>>>>>>>>>>>>>>>>> 发送数据大小:[4], current_idx:12]
[2025-05-24 18:15:30,350] [process.py[line:108]] [INFO] [drivered_video >>>>>>>>>>>>>>>>>>>> 发送数据大小:[4], current_idx:16]
[2025-05-24 18:15:30,368] [process.py[line:108]] [INFO] [drivered_video >>>>>>>>>>>>>>>>>>>> 发送数据大小:[4], current_idx:20]
[2025-05-24 18:15:30,394] [process.py[line:108]] [INFO] [drivered_video >>>>>>>>>>>>>>>>>>>> 发送数据大小:[4], current_idx:24]
[2025-05-24 18:15:30,408] [process.py[line:108]] [INFO] [drivered_video >>>>>>>>>>>>>>>>>>>> 发送数据大小:[4], current_idx:28]
[2025-05-24 18:15:30,428] [process.py[line:108]] [INFO] [drivered_video >>>>>>>>>>>>>>>>>>>> 发送数据大小:[4], current_idx:32]
[2025-05-24 18:15:30,451] [process.py[line:108]] [INFO] [drivered_video >>>>>>>>>>>>>>>>>>>> 发送数据大小:[4], current_idx:36]
[2025-05-24 18:15:30,472] [process.py[line:108]] [INFO] [drivered_video >>>>>>>>>>>>>>>>>>>> 发送数据大小:[4], current_idx:40]
[2025-05-24 18:15:30,494] [process.py[line:108]] [INFO] [drivered_video >>>>>>>>>>>>>>>>>>>> 发送数据大小:[4], current_idx:44]
[2025-05-24 18:15:39,520] [process.py[line:108]] [INFO] [[4] -> chaofen  cost:9.214018106460571s]
[2025-05-24 18:15:46,313] [process.py[line:108]] [INFO] [audio_transfer >>>>>>>>>>> 发送完成数据大小:4, frameId:4, cost:16.007211208343506s]
[2025-05-24 18:15:46,363] [process.py[line:108]] [INFO] [drivered_video >>>>>>>>>>>>>>>>>>>> 发送数据大小:[4], current_idx:48]
[2025-05-24 18:15:46,364] [process.py[line:108]] [INFO] [>>> audio_transfer get message:8]
[2025-05-24 18:15:54,731] [process.py[line:108]] [INFO] [[8] -> chaofen  cost:8.366832494735718s]
[2025-05-24 18:15:59,052] [process.py[line:108]] [INFO] [audio_transfer >>>>>>>>>>> 发送完成数据大小:4, frameId:8, cost:12.688355684280396s]
[2025-05-24 18:15:59,074] [process.py[line:108]] [INFO] [>>> audio_transfer get message:12]
[2025-05-24 18:15:59,088] [process.py[line:108]] [INFO] [drivered_video >>>>>>>>>>>>>>>>>>>> 发送数据大小:[4], current_idx:52]
[2025-05-24 18:16:07,781] [process.py[line:108]] [INFO] [[12] -> chaofen  cost:8.707205295562744s]
[2025-05-24 18:16:08,089] [process.py[line:108]] [INFO] [[1004]init_wh result :[0.8809176216714891]， cost: 41.902597427368164 s]
[2025-05-24 18:16:09,923] [process.py[line:108]] [INFO] [audio_transfer >>>>>>>>>>> 发送完成数据大小:4, frameId:12, cost:10.849345922470093s]
[2025-05-24 18:16:09,934] [process.py[line:108]] [INFO] [>>> audio_transfer get message:16]
[2025-05-24 18:16:09,971] [process.py[line:108]] [INFO] [drivered_video >>>>>>>>>>>>>>>>>>>> 发送数据大小:[4], current_idx:56]
[2025-05-24 18:16:13,604] [process.py[line:108]] [INFO] [[16] -> chaofen  cost:3.669377088546753s]
[2025-05-24 18:16:15,552] [process.py[line:108]] [INFO] [audio_transfer >>>>>>>>>>> 发送完成数据大小:4, frameId:16, cost:5.618123531341553s]
[2025-05-24 18:16:15,562] [process.py[line:108]] [INFO] [>>> audio_transfer get message:20]
[2025-05-24 18:16:15,589] [process.py[line:108]] [INFO] [drivered_video >>>>>>>>>>>>>>>>>>>> 发送数据大小:[4], current_idx:60]
[2025-05-24 18:16:19,244] [process.py[line:108]] [INFO] [[20] -> chaofen  cost:3.6817846298217773s]
[2025-05-24 18:16:21,084] [process.py[line:108]] [INFO] [audio_transfer >>>>>>>>>>> 发送完成数据大小:4, frameId:20, cost:5.522476673126221s]
[2025-05-24 18:16:21,094] [process.py[line:108]] [INFO] [>>> audio_transfer get message:24]
[2025-05-24 18:16:21,133] [process.py[line:108]] [INFO] [drivered_video >>>>>>>>>>>>>>>>>>>> 发送数据大小:[4], current_idx:64]
[2025-05-24 18:16:24,795] [process.py[line:108]] [INFO] [[24] -> chaofen  cost:3.7012383937835693s]
[2025-05-24 18:16:26,747] [process.py[line:108]] [INFO] [audio_transfer >>>>>>>>>>> 发送完成数据大小:4, frameId:24, cost:5.653820037841797s]
[2025-05-24 18:16:26,760] [process.py[line:108]] [INFO] [>>> audio_transfer get message:28]
[2025-05-24 18:16:26,768] [process.py[line:108]] [INFO] [drivered_video >>>>>>>>>>>>>>>>>>>> 发送数据大小:[4], current_idx:68]
[2025-05-24 18:16:30,445] [process.py[line:108]] [INFO] [[28] -> chaofen  cost:3.684720993041992s]
[2025-05-24 18:16:32,377] [process.py[line:108]] [INFO] [audio_transfer >>>>>>>>>>> 发送完成数据大小:4, frameId:28, cost:5.617814302444458s]
[2025-05-24 18:16:32,388] [process.py[line:108]] [INFO] [>>> audio_transfer get message:32]
[2025-05-24 18:16:32,421] [process.py[line:108]] [INFO] [drivered_video >>>>>>>>>>>>>>>>>>>> 发送数据大小:[4], current_idx:72]
[2025-05-24 18:16:36,112] [process.py[line:108]] [INFO] [[32] -> chaofen  cost:3.7244820594787598s]
[2025-05-24 18:16:38,076] [process.py[line:108]] [INFO] [audio_transfer >>>>>>>>>>> 发送完成数据大小:4, frameId:32, cost:5.688438415527344s]
[2025-05-24 18:16:38,086] [process.py[line:108]] [INFO] [>>> audio_transfer get message:36]
[2025-05-24 18:16:38,095] [process.py[line:108]] [INFO] [drivered_video >>>>>>>>>>>>>>>>>>>> 发送数据大小:[4], current_idx:76]
[2025-05-24 18:16:41,793] [process.py[line:108]] [INFO] [[36] -> chaofen  cost:3.7061636447906494s]
[2025-05-24 18:16:43,690] [process.py[line:108]] [INFO] [audio_transfer >>>>>>>>>>> 发送完成数据大小:4, frameId:36, cost:5.604082822799683s]
[2025-05-24 18:16:43,700] [process.py[line:108]] [INFO] [>>> audio_transfer get message:40]
[2025-05-24 18:16:43,729] [process.py[line:108]] [INFO] [drivered_video >>>>>>>>>>>>>>>>>>>> 发送数据大小:[4], current_idx:80]
[2025-05-24 18:16:47,413] [process.py[line:108]] [INFO] [[40] -> chaofen  cost:3.7129604816436768s]
[2025-05-24 18:16:49,303] [process.py[line:108]] [INFO] [audio_transfer >>>>>>>>>>> 发送完成数据大小:4, frameId:40, cost:5.602769613265991s]
[2025-05-24 18:16:49,313] [process.py[line:108]] [INFO] [>>> audio_transfer get message:44]
[2025-05-24 18:16:49,341] [process.py[line:108]] [INFO] [drivered_video >>>>>>>>>>>>>>>>>>>> 发送数据大小:[4], current_idx:84]
[2025-05-24 18:16:53,052] [process.py[line:108]] [INFO] [[44] -> chaofen  cost:3.7391855716705322s]
[2025-05-24 18:16:55,056] [process.py[line:108]] [INFO] [audio_transfer >>>>>>>>>>> 发送完成数据大小:4, frameId:44, cost:5.743058204650879s]
[2025-05-24 18:16:55,066] [process.py[line:108]] [INFO] [>>> audio_transfer get message:48]
[2025-05-24 18:16:55,076] [process.py[line:108]] [INFO] [drivered_video >>>>>>>>>>>>>>>>>>>> 发送数据大小:[4], current_idx:88]
[2025-05-24 18:16:58,789] [process.py[line:108]] [INFO] [[48] -> chaofen  cost:3.722637176513672s]
[2025-05-24 18:17:00,705] [process.py[line:108]] [INFO] [audio_transfer >>>>>>>>>>> 发送完成数据大小:4, frameId:48, cost:5.639394998550415s]
[2025-05-24 18:17:00,714] [process.py[line:108]] [INFO] [>>> audio_transfer get message:52]
[2025-05-24 18:17:00,737] [process.py[line:108]] [INFO] [drivered_video >>>>>>>>>>>>>>>>>>>> 发送数据大小:[4], current_idx:92]
[2025-05-24 18:17:04,490] [process.py[line:108]] [INFO] [[52] -> chaofen  cost:3.7758843898773193s]
[2025-05-24 18:17:06,396] [process.py[line:108]] [INFO] [audio_transfer >>>>>>>>>>> 发送完成数据大小:4, frameId:52, cost:5.681386232376099s]
[2025-05-24 18:17:06,406] [process.py[line:108]] [INFO] [>>> audio_transfer get message:56]
[2025-05-24 18:17:06,437] [process.py[line:108]] [INFO] [drivered_video >>>>>>>>>>>>>>>>>>>> 发送数据大小:[4], current_idx:96]
[2025-05-24 18:17:10,152] [process.py[line:108]] [INFO] [[56] -> chaofen  cost:3.745591163635254s]
[2025-05-24 18:17:12,083] [process.py[line:108]] [INFO] [audio_transfer >>>>>>>>>>> 发送完成数据大小:4, frameId:56, cost:5.676410436630249s]
[2025-05-24 18:17:12,092] [process.py[line:108]] [INFO] [>>> audio_transfer get message:60]
[2025-05-24 18:17:12,102] [process.py[line:108]] [INFO] [drivered_video >>>>>>>>>>>>>>>>>>>> 发送数据大小:[4], current_idx:100]
[2025-05-24 18:17:15,830] [process.py[line:108]] [INFO] [[60] -> chaofen  cost:3.737264394760132s]
[2025-05-24 18:17:17,883] [process.py[line:108]] [INFO] [audio_transfer >>>>>>>>>>> 发送完成数据大小:4, frameId:60, cost:5.79067587852478s]
[2025-05-24 18:17:17,893] [process.py[line:108]] [INFO] [>>> audio_transfer get message:64]
[2025-05-24 18:17:17,903] [process.py[line:108]] [INFO] [drivered_video >>>>>>>>>>>>>>>>>>>> 发送数据大小:[4], current_idx:104]
[2025-05-24 18:17:21,641] [process.py[line:108]] [INFO] [[64] -> chaofen  cost:3.7474610805511475s]
[2025-05-24 18:17:23,650] [process.py[line:108]] [INFO] [audio_transfer >>>>>>>>>>> 发送完成数据大小:4, frameId:64, cost:5.756442308425903s]
[2025-05-24 18:17:23,659] [process.py[line:108]] [INFO] [>>> audio_transfer get message:68]
[2025-05-24 18:17:23,668] [process.py[line:108]] [INFO] [drivered_video >>>>>>>>>>>>>>>>>>>> 发送数据大小:[4], current_idx:108]
[2025-05-24 18:17:27,390] [process.py[line:108]] [INFO] [[68] -> chaofen  cost:3.7306597232818604s]
[2025-05-24 18:17:29,307] [process.py[line:108]] [INFO] [audio_transfer >>>>>>>>>>> 发送完成数据大小:4, frameId:68, cost:5.648087501525879s]
[2025-05-24 18:17:29,317] [process.py[line:108]] [INFO] [>>> audio_transfer get message:72]
[2025-05-24 18:17:29,345] [process.py[line:108]] [INFO] [drivered_video >>>>>>>>>>>>>>>>>>>> 发送数据大小:[4], current_idx:112]
[2025-05-24 18:17:33,081] [process.py[line:108]] [INFO] [[72] -> chaofen  cost:3.7631893157958984s]
[2025-05-24 18:17:34,895] [process.py[line:108]] [INFO] [audio_transfer >>>>>>>>>>> 发送完成数据大小:4, frameId:72, cost:5.577594995498657s]
[2025-05-24 18:17:34,904] [process.py[line:108]] [INFO] [>>> audio_transfer get message:76]
[2025-05-24 18:17:34,926] [process.py[line:108]] [INFO] [drivered_video >>>>>>>>>>>>>>>>>>>> 发送数据大小:[4], current_idx:116]
[2025-05-24 18:17:38,672] [process.py[line:108]] [INFO] [[76] -> chaofen  cost:3.767880916595459s]
[2025-05-24 18:17:40,652] [process.py[line:108]] [INFO] [audio_transfer >>>>>>>>>>> 发送完成数据大小:4, frameId:76, cost:5.747729063034058s]
[2025-05-24 18:17:40,662] [process.py[line:108]] [INFO] [>>> audio_transfer get message:80]
[2025-05-24 18:17:40,672] [process.py[line:108]] [INFO] [drivered_video >>>>>>>>>>>>>>>>>>>> 发送数据大小:[4], current_idx:120]
[2025-05-24 18:17:44,425] [process.py[line:108]] [INFO] [[80] -> chaofen  cost:3.7622287273406982s]
[2025-05-24 18:17:46,335] [process.py[line:108]] [INFO] [audio_transfer >>>>>>>>>>> 发送完成数据大小:4, frameId:80, cost:5.672807693481445s]
[2025-05-24 18:17:46,347] [process.py[line:108]] [INFO] [>>> audio_transfer get message:84]
[2025-05-24 18:17:46,377] [process.py[line:108]] [INFO] [drivered_video >>>>>>>>>>>>>>>>>>>> 发送数据大小:[4], current_idx:124]
[2025-05-24 18:17:50,105] [process.py[line:108]] [INFO] [[84] -> chaofen  cost:3.758026123046875s]
[2025-05-24 18:17:52,231] [process.py[line:108]] [INFO] [audio_transfer >>>>>>>>>>> 发送完成数据大小:4, frameId:84, cost:5.884180307388306s]
[2025-05-24 18:17:52,240] [process.py[line:108]] [INFO] [>>> audio_transfer get message:88]
[2025-05-24 18:17:52,252] [process.py[line:108]] [INFO] [drivered_video >>>>>>>>>>>>>>>>>>>> 发送数据大小:[4], current_idx:128]
[2025-05-24 18:17:56,016] [process.py[line:108]] [INFO] [[88] -> chaofen  cost:3.7758378982543945s]
[2025-05-24 18:17:58,053] [process.py[line:108]] [INFO] [audio_transfer >>>>>>>>>>> 发送完成数据大小:4, frameId:88, cost:5.812810897827148s]
[2025-05-24 18:17:58,062] [process.py[line:108]] [INFO] [>>> audio_transfer get message:92]
[2025-05-24 18:17:58,070] [process.py[line:108]] [INFO] [drivered_video >>>>>>>>>>>>>>>>>>>> 发送数据大小:[4], current_idx:132]
[2025-05-24 18:18:01,829] [process.py[line:108]] [INFO] [[92] -> chaofen  cost:3.766596555709839s]
[2025-05-24 18:18:03,830] [process.py[line:108]] [INFO] [audio_transfer >>>>>>>>>>> 发送完成数据大小:4, frameId:92, cost:5.767782211303711s]
[2025-05-24 18:18:03,840] [process.py[line:108]] [INFO] [>>> audio_transfer get message:96]
[2025-05-24 18:18:03,890] [process.py[line:108]] [INFO] [drivered_video >>>>>>>>>>>>>>>>>>>> 发送数据大小:[4], current_idx:136]
[2025-05-24 18:18:07,655] [process.py[line:108]] [INFO] [[96] -> chaofen  cost:3.814960241317749s]
[2025-05-24 18:18:09,635] [process.py[line:108]] [INFO] [audio_transfer >>>>>>>>>>> 发送完成数据大小:4, frameId:96, cost:5.795460224151611s]
[2025-05-24 18:18:09,645] [process.py[line:108]] [INFO] [>>> audio_transfer get message:100]
[2025-05-24 18:18:09,682] [process.py[line:108]] [INFO] [drivered_video >>>>>>>>>>>>>>>>>>>> 发送数据大小:[4], current_idx:140]
[2025-05-24 18:18:13,423] [process.py[line:108]] [INFO] [[100] -> chaofen  cost:3.7781362533569336s]
[2025-05-24 18:18:15,498] [process.py[line:108]] [INFO] [audio_transfer >>>>>>>>>>> 发送完成数据大小:4, frameId:100, cost:5.853145599365234s]
[2025-05-24 18:18:15,511] [process.py[line:108]] [INFO] [>>> audio_transfer get message:104]
[2025-05-24 18:18:15,522] [process.py[line:108]] [INFO] [drivered_video >>>>>>>>>>>>>>>>>>>> 发送数据大小:[4], current_idx:144]
[2025-05-24 18:18:19,344] [process.py[line:108]] [INFO] [[104] -> chaofen  cost:3.832871913909912s]
[2025-05-24 18:18:21,413] [process.py[line:108]] [INFO] [audio_transfer >>>>>>>>>>> 发送完成数据大小:4, frameId:104, cost:5.901981830596924s]
[2025-05-24 18:18:21,423] [process.py[line:108]] [INFO] [>>> audio_transfer get message:108]
[2025-05-24 18:18:21,432] [process.py[line:108]] [INFO] [drivered_video >>>>>>>>>>>>>>>>>>>> 发送数据大小:[4], current_idx:148]
[2025-05-24 18:18:21,434] [process.py[line:108]] [INFO] [append imgs over]
[2025-05-24 18:18:21,451] [process.py[line:108]] [INFO] [drivered_video >>>>>>>>>>>>>>>>>>>> 发送数据结束]
[2025-05-24 18:18:25,219] [process.py[line:108]] [INFO] [[108] -> chaofen  cost:3.7955639362335205s]
[2025-05-24 18:18:27,249] [process.py[line:108]] [INFO] [audio_transfer >>>>>>>>>>> 发送完成数据大小:4, frameId:108, cost:5.8262083530426025s]
[2025-05-24 18:18:27,259] [process.py[line:108]] [INFO] [>>> audio_transfer get message:112]
[2025-05-24 18:18:27,281] [process.py[line:108]] [INFO] [[1004]任务预处理进程结束]
[2025-05-24 18:18:31,051] [process.py[line:108]] [INFO] [[112] -> chaofen  cost:3.7921853065490723s]
[2025-05-24 18:18:33,007] [process.py[line:108]] [INFO] [audio_transfer >>>>>>>>>>> 发送完成数据大小:4, frameId:112, cost:5.748201131820679s]
[2025-05-24 18:18:33,016] [process.py[line:108]] [INFO] [>>> audio_transfer get message:116]
[2025-05-24 18:18:36,834] [process.py[line:108]] [INFO] [[116] -> chaofen  cost:3.8173305988311768s]
[2025-05-24 18:18:38,897] [process.py[line:108]] [INFO] [audio_transfer >>>>>>>>>>> 发送完成数据大小:4, frameId:116, cost:5.880126953125s]
[2025-05-24 18:18:38,908] [process.py[line:108]] [INFO] [>>> audio_transfer get message:120]
[2025-05-24 18:18:42,728] [process.py[line:108]] [INFO] [[120] -> chaofen  cost:3.820517063140869s]
[2025-05-24 18:18:44,684] [process.py[line:108]] [INFO] [audio_transfer >>>>>>>>>>> 发送完成数据大小:4, frameId:120, cost:5.775937080383301s]
[2025-05-24 18:18:44,695] [process.py[line:108]] [INFO] [>>> audio_transfer get message:124]
[2025-05-24 18:18:48,484] [process.py[line:108]] [INFO] [[124] -> chaofen  cost:3.7887299060821533s]
[2025-05-24 18:18:50,506] [process.py[line:108]] [INFO] [audio_transfer >>>>>>>>>>> 发送完成数据大小:4, frameId:124, cost:5.811421632766724s]
[2025-05-24 18:18:50,519] [process.py[line:108]] [INFO] [>>> audio_transfer get message:128]
[2025-05-24 18:18:54,364] [process.py[line:108]] [INFO] [[128] -> chaofen  cost:3.8449416160583496s]
[2025-05-24 18:18:56,381] [process.py[line:108]] [INFO] [audio_transfer >>>>>>>>>>> 发送完成数据大小:4, frameId:128, cost:5.862273216247559s]
[2025-05-24 18:18:56,391] [process.py[line:108]] [INFO] [>>> audio_transfer get message:132]
[2025-05-24 18:19:00,196] [process.py[line:108]] [INFO] [[132] -> chaofen  cost:3.8053979873657227s]
[2025-05-24 18:19:02,085] [process.py[line:108]] [INFO] [audio_transfer >>>>>>>>>>> 发送完成数据大小:4, frameId:132, cost:5.693792343139648s]
[2025-05-24 18:19:02,094] [process.py[line:108]] [INFO] [>>> audio_transfer get message:136]
[2025-05-24 18:19:05,890] [process.py[line:108]] [INFO] [[136] -> chaofen  cost:3.795053482055664s]
[2025-05-24 18:19:07,843] [process.py[line:108]] [INFO] [audio_transfer >>>>>>>>>>> 发送完成数据大小:4, frameId:136, cost:5.74859356880188s]
[2025-05-24 18:19:07,852] [process.py[line:108]] [INFO] [>>> audio_transfer get message:140]
[2025-05-24 18:19:11,661] [process.py[line:108]] [INFO] [[140] -> chaofen  cost:3.8092026710510254s]
[2025-05-24 18:19:13,652] [process.py[line:108]] [INFO] [audio_transfer >>>>>>>>>>> 发送完成数据大小:4, frameId:140, cost:5.7998363971710205s]
[2025-05-24 18:19:13,662] [process.py[line:108]] [INFO] [>>> audio_transfer get message:144]
[2025-05-24 18:19:17,469] [process.py[line:108]] [INFO] [[144] -> chaofen  cost:3.8067781925201416s]
[2025-05-24 18:19:19,369] [process.py[line:108]] [INFO] [audio_transfer >>>>>>>>>>> 发送完成数据大小:4, frameId:144, cost:5.7069432735443115s]
[2025-05-24 18:19:19,377] [process.py[line:108]] [INFO] [>>> audio_transfer get message:148]
[2025-05-24 18:19:23,242] [process.py[line:108]] [INFO] [[148] -> chaofen  cost:3.8644587993621826s]
[2025-05-24 18:19:25,182] [process.py[line:108]] [INFO] [audio_transfer >>>>>>>>>>> 发送完成数据大小:4, frameId:148, cost:5.8046019077301025s]
[2025-05-24 18:19:25,182] [process.py[line:108]] [INFO] [>>> audio_transfer get exception msg:-1]
[2025-05-24 18:19:25,185] [process.py[line:108]] [INFO] [[1004]任务数字人图片处理已完成]
[2025-05-24 18:19:25,203] [process.py[line:108]] [INFO] [[1004]视频帧队列处理已结束]
[2025-05-24 18:19:25,210] [process.py[line:108]] [INFO] [command:ffmpeg -loglevel warning -y -i /tmp/gradio/886f4e5cd90b79c8575c8bb18c93d41543b2619272f75841dac095a65c8f85dd/audio.wav -i ./1004-t.mp4 -c:a aac -c:v libx264 -crf 15 -strict -2 ./1004-r.mp4]
[2025-05-24 18:19:26,266] [process.py[line:108]] [INFO] [后处理进程结束]
[2025-05-24 18:19:26,623] [app_gpu.py[line:75]] [INFO] [[1004]任务最终合成结果: 1004-r.mp4]
[2025-05-24 18:19:26,715] [app_gpu.py[line:75]] [INFO] [>>> 任务:1004 耗时:240.75460982322693 ]
[2025-05-24 18:19:26,715] [app_gpu.py[line:78]] [INFO] [✅ GPU Processing completed successfully]
[2025-05-24 18:30:13,960] [app_gpu.py[line:59]] [INFO] [VideoProcessor init]
[2025-05-24 18:30:13,960] [app_gpu.py[line:60]] [INFO] [TransDhTask init]
[2025-05-24 18:30:14,352] [app_gpu.py[line:67]] [INFO] [VideoProcessor init finished]
[2025-05-24 18:30:14,990] [_client.py[line:1025]] [INFO] [HTTP Request: GET https://checkip.amazonaws.com/ "HTTP/1.1 200 "]
[2025-05-24 18:30:15,146] [_client.py[line:1025]] [INFO] [HTTP Request: GET https://api.gradio.app/pkg-version "HTTP/1.1 200 OK"]
